[2021-02-09 16:30:49,259] {scheduler_job.py:154} INFO - Started process (PID=30374) to work on /Users/hiroakioshima/Desktop/airflow_covid/airflow/dags/covid_emr.py
[2021-02-09 16:30:49,298] {logging_mixin.py:112} INFO - [2021-02-09 16:30:49,298] {__init__.py:50} INFO - Using executor SequentialExecutor
[2021-02-09 16:30:49,300] {scheduler_job.py:1572} INFO - Processing file /Users/hiroakioshima/Desktop/airflow_covid/airflow/dags/covid_emr.py for tasks to queue
[2021-02-09 16:30:49,300] {logging_mixin.py:112} INFO - [2021-02-09 16:30:49,300] {dagbag.py:417} INFO - Filling up the DagBag from /Users/hiroakioshima/Desktop/airflow_covid/airflow/dags/covid_emr.py
[2021-02-09 16:30:49,310] {scheduler_job.py:1584} INFO - DAG(s) dict_keys(['emr_spark_job']) retrieved from /Users/hiroakioshima/Desktop/airflow_covid/airflow/dags/covid_emr.py
[2021-02-09 16:30:49,335] {scheduler_job.py:162} INFO - Processing /Users/hiroakioshima/Desktop/airflow_covid/airflow/dags/covid_emr.py took 0.076 seconds
[2021-02-09 16:46:15,177] {scheduler_job.py:154} INFO - Started process (PID=30482) to work on /Users/hiroakioshima/Desktop/airflow_covid/airflow/dags/covid_emr.py
[2021-02-09 16:46:15,229] {logging_mixin.py:112} INFO - [2021-02-09 16:46:15,228] {__init__.py:50} INFO - Using executor SequentialExecutor
[2021-02-09 16:46:15,230] {scheduler_job.py:1572} INFO - Processing file /Users/hiroakioshima/Desktop/airflow_covid/airflow/dags/covid_emr.py for tasks to queue
[2021-02-09 16:46:15,231] {logging_mixin.py:112} INFO - [2021-02-09 16:46:15,230] {dagbag.py:417} INFO - Filling up the DagBag from /Users/hiroakioshima/Desktop/airflow_covid/airflow/dags/covid_emr.py
[2021-02-09 16:46:15,243] {scheduler_job.py:1584} INFO - DAG(s) dict_keys(['emr_spark_job']) retrieved from /Users/hiroakioshima/Desktop/airflow_covid/airflow/dags/covid_emr.py
[2021-02-09 16:46:15,276] {scheduler_job.py:162} INFO - Processing /Users/hiroakioshima/Desktop/airflow_covid/airflow/dags/covid_emr.py took 0.099 seconds
[2021-02-09 17:35:56,283] {scheduler_job.py:154} INFO - Started process (PID=30570) to work on /Users/hiroakioshima/Desktop/airflow_covid/airflow/dags/covid_emr.py
[2021-02-09 17:35:56,322] {logging_mixin.py:112} INFO - [2021-02-09 17:35:56,322] {__init__.py:50} INFO - Using executor SequentialExecutor
[2021-02-09 17:35:56,323] {scheduler_job.py:1572} INFO - Processing file /Users/hiroakioshima/Desktop/airflow_covid/airflow/dags/covid_emr.py for tasks to queue
[2021-02-09 17:35:56,324] {logging_mixin.py:112} INFO - [2021-02-09 17:35:56,324] {dagbag.py:417} INFO - Filling up the DagBag from /Users/hiroakioshima/Desktop/airflow_covid/airflow/dags/covid_emr.py
[2021-02-09 17:35:56,333] {scheduler_job.py:1584} INFO - DAG(s) dict_keys(['emr_spark_job']) retrieved from /Users/hiroakioshima/Desktop/airflow_covid/airflow/dags/covid_emr.py
[2021-02-09 17:35:56,358] {scheduler_job.py:162} INFO - Processing /Users/hiroakioshima/Desktop/airflow_covid/airflow/dags/covid_emr.py took 0.075 seconds
[2021-02-09 17:48:29,742] {scheduler_job.py:154} INFO - Started process (PID=30656) to work on /Users/hiroakioshima/Desktop/airflow_covid/airflow/dags/covid_emr.py
[2021-02-09 17:48:29,780] {logging_mixin.py:112} INFO - [2021-02-09 17:48:29,780] {__init__.py:50} INFO - Using executor SequentialExecutor
[2021-02-09 17:48:29,781] {scheduler_job.py:1572} INFO - Processing file /Users/hiroakioshima/Desktop/airflow_covid/airflow/dags/covid_emr.py for tasks to queue
[2021-02-09 17:48:29,782] {logging_mixin.py:112} INFO - [2021-02-09 17:48:29,781] {dagbag.py:417} INFO - Filling up the DagBag from /Users/hiroakioshima/Desktop/airflow_covid/airflow/dags/covid_emr.py
[2021-02-09 17:48:29,791] {scheduler_job.py:1584} INFO - DAG(s) dict_keys(['emr_spark_job']) retrieved from /Users/hiroakioshima/Desktop/airflow_covid/airflow/dags/covid_emr.py
[2021-02-09 17:48:29,816] {scheduler_job.py:162} INFO - Processing /Users/hiroakioshima/Desktop/airflow_covid/airflow/dags/covid_emr.py took 0.074 seconds
[2021-02-09 17:57:53,332] {scheduler_job.py:154} INFO - Started process (PID=30746) to work on /Users/hiroakioshima/Desktop/airflow_covid/airflow/dags/covid_emr.py
[2021-02-09 17:57:53,394] {logging_mixin.py:112} INFO - [2021-02-09 17:57:53,393] {__init__.py:50} INFO - Using executor SequentialExecutor
[2021-02-09 17:57:53,396] {scheduler_job.py:1572} INFO - Processing file /Users/hiroakioshima/Desktop/airflow_covid/airflow/dags/covid_emr.py for tasks to queue
[2021-02-09 17:57:53,396] {logging_mixin.py:112} INFO - [2021-02-09 17:57:53,396] {dagbag.py:417} INFO - Filling up the DagBag from /Users/hiroakioshima/Desktop/airflow_covid/airflow/dags/covid_emr.py
[2021-02-09 17:57:53,412] {scheduler_job.py:1584} INFO - DAG(s) dict_keys(['emr_spark_job']) retrieved from /Users/hiroakioshima/Desktop/airflow_covid/airflow/dags/covid_emr.py
[2021-02-09 17:57:53,450] {scheduler_job.py:162} INFO - Processing /Users/hiroakioshima/Desktop/airflow_covid/airflow/dags/covid_emr.py took 0.119 seconds
[2021-02-09 18:17:02,505] {scheduler_job.py:154} INFO - Started process (PID=30834) to work on /Users/hiroakioshima/Desktop/airflow_covid/airflow/dags/covid_emr.py
[2021-02-09 18:17:02,545] {logging_mixin.py:112} INFO - [2021-02-09 18:17:02,544] {__init__.py:50} INFO - Using executor SequentialExecutor
[2021-02-09 18:17:02,546] {scheduler_job.py:1572} INFO - Processing file /Users/hiroakioshima/Desktop/airflow_covid/airflow/dags/covid_emr.py for tasks to queue
[2021-02-09 18:17:02,546] {logging_mixin.py:112} INFO - [2021-02-09 18:17:02,546] {dagbag.py:417} INFO - Filling up the DagBag from /Users/hiroakioshima/Desktop/airflow_covid/airflow/dags/covid_emr.py
[2021-02-09 18:17:02,556] {scheduler_job.py:1584} INFO - DAG(s) dict_keys(['emr_spark_job']) retrieved from /Users/hiroakioshima/Desktop/airflow_covid/airflow/dags/covid_emr.py
[2021-02-09 18:17:02,581] {scheduler_job.py:162} INFO - Processing /Users/hiroakioshima/Desktop/airflow_covid/airflow/dags/covid_emr.py took 0.076 seconds
[2021-02-09 18:18:46,932] {scheduler_job.py:154} INFO - Started process (PID=30914) to work on /Users/hiroakioshima/Desktop/airflow_covid/airflow/dags/covid_emr.py
[2021-02-09 18:18:46,972] {logging_mixin.py:112} INFO - [2021-02-09 18:18:46,972] {__init__.py:50} INFO - Using executor SequentialExecutor
[2021-02-09 18:18:46,973] {scheduler_job.py:1572} INFO - Processing file /Users/hiroakioshima/Desktop/airflow_covid/airflow/dags/covid_emr.py for tasks to queue
[2021-02-09 18:18:46,974] {logging_mixin.py:112} INFO - [2021-02-09 18:18:46,974] {dagbag.py:417} INFO - Filling up the DagBag from /Users/hiroakioshima/Desktop/airflow_covid/airflow/dags/covid_emr.py
[2021-02-09 18:18:46,983] {scheduler_job.py:1584} INFO - DAG(s) dict_keys(['emr_spark_job']) retrieved from /Users/hiroakioshima/Desktop/airflow_covid/airflow/dags/covid_emr.py
[2021-02-09 18:18:47,007] {scheduler_job.py:162} INFO - Processing /Users/hiroakioshima/Desktop/airflow_covid/airflow/dags/covid_emr.py took 0.075 seconds
[2021-02-09 18:37:24,203] {scheduler_job.py:154} INFO - Started process (PID=31006) to work on /Users/hiroakioshima/Desktop/airflow_covid/airflow/dags/covid_emr.py
[2021-02-09 18:37:24,246] {logging_mixin.py:112} INFO - [2021-02-09 18:37:24,245] {__init__.py:50} INFO - Using executor SequentialExecutor
[2021-02-09 18:37:24,247] {scheduler_job.py:1572} INFO - Processing file /Users/hiroakioshima/Desktop/airflow_covid/airflow/dags/covid_emr.py for tasks to queue
[2021-02-09 18:37:24,247] {logging_mixin.py:112} INFO - [2021-02-09 18:37:24,247] {dagbag.py:417} INFO - Filling up the DagBag from /Users/hiroakioshima/Desktop/airflow_covid/airflow/dags/covid_emr.py
[2021-02-09 18:37:24,257] {scheduler_job.py:1584} INFO - DAG(s) dict_keys(['emr_spark_job']) retrieved from /Users/hiroakioshima/Desktop/airflow_covid/airflow/dags/covid_emr.py
[2021-02-09 18:37:24,283] {scheduler_job.py:162} INFO - Processing /Users/hiroakioshima/Desktop/airflow_covid/airflow/dags/covid_emr.py took 0.080 seconds
[2021-02-09 21:25:04,246] {scheduler_job.py:154} INFO - Started process (PID=31102) to work on /Users/hiroakioshima/Desktop/airflow_covid/airflow/dags/covid_emr.py
[2021-02-09 21:25:04,287] {logging_mixin.py:112} INFO - [2021-02-09 21:25:04,287] {__init__.py:50} INFO - Using executor SequentialExecutor
[2021-02-09 21:25:04,288] {scheduler_job.py:1572} INFO - Processing file /Users/hiroakioshima/Desktop/airflow_covid/airflow/dags/covid_emr.py for tasks to queue
[2021-02-09 21:25:04,289] {logging_mixin.py:112} INFO - [2021-02-09 21:25:04,289] {dagbag.py:417} INFO - Filling up the DagBag from /Users/hiroakioshima/Desktop/airflow_covid/airflow/dags/covid_emr.py
[2021-02-09 21:25:04,299] {scheduler_job.py:1584} INFO - DAG(s) dict_keys(['emr_spark_job']) retrieved from /Users/hiroakioshima/Desktop/airflow_covid/airflow/dags/covid_emr.py
[2021-02-09 21:25:04,325] {scheduler_job.py:162} INFO - Processing /Users/hiroakioshima/Desktop/airflow_covid/airflow/dags/covid_emr.py took 0.079 seconds
[2021-02-10 00:28:27,204] {scheduler_job.py:154} INFO - Started process (PID=31183) to work on /Users/hiroakioshima/Desktop/airflow_covid/airflow/dags/covid_emr.py
[2021-02-10 00:28:27,316] {logging_mixin.py:112} INFO - [2021-02-10 00:28:27,315] {__init__.py:50} INFO - Using executor SequentialExecutor
[2021-02-10 00:28:27,318] {scheduler_job.py:1572} INFO - Processing file /Users/hiroakioshima/Desktop/airflow_covid/airflow/dags/covid_emr.py for tasks to queue
[2021-02-10 00:28:27,318] {logging_mixin.py:112} INFO - [2021-02-10 00:28:27,318] {dagbag.py:417} INFO - Filling up the DagBag from /Users/hiroakioshima/Desktop/airflow_covid/airflow/dags/covid_emr.py
[2021-02-10 00:28:27,337] {scheduler_job.py:1584} INFO - DAG(s) dict_keys(['emr_spark_job']) retrieved from /Users/hiroakioshima/Desktop/airflow_covid/airflow/dags/covid_emr.py
[2021-02-10 00:28:27,515] {scheduler_job.py:162} INFO - Processing /Users/hiroakioshima/Desktop/airflow_covid/airflow/dags/covid_emr.py took 0.311 seconds
[2021-02-10 02:52:05,934] {scheduler_job.py:154} INFO - Started process (PID=31358) to work on /Users/hiroakioshima/Desktop/airflow_covid/airflow/dags/covid_emr.py
[2021-02-10 02:52:05,990] {logging_mixin.py:112} INFO - [2021-02-10 02:52:05,990] {__init__.py:50} INFO - Using executor SequentialExecutor
[2021-02-10 02:52:05,992] {scheduler_job.py:1572} INFO - Processing file /Users/hiroakioshima/Desktop/airflow_covid/airflow/dags/covid_emr.py for tasks to queue
[2021-02-10 02:52:05,993] {logging_mixin.py:112} INFO - [2021-02-10 02:52:05,993] {dagbag.py:417} INFO - Filling up the DagBag from /Users/hiroakioshima/Desktop/airflow_covid/airflow/dags/covid_emr.py
[2021-02-10 02:52:06,006] {scheduler_job.py:1584} INFO - DAG(s) dict_keys(['emr_spark_job']) retrieved from /Users/hiroakioshima/Desktop/airflow_covid/airflow/dags/covid_emr.py
[2021-02-10 02:52:06,038] {scheduler_job.py:162} INFO - Processing /Users/hiroakioshima/Desktop/airflow_covid/airflow/dags/covid_emr.py took 0.104 seconds
[2021-02-10 05:56:42,083] {scheduler_job.py:154} INFO - Started process (PID=31471) to work on /Users/hiroakioshima/Desktop/airflow_covid/airflow/dags/covid_emr.py
[2021-02-10 05:56:42,194] {logging_mixin.py:112} INFO - [2021-02-10 05:56:42,194] {__init__.py:50} INFO - Using executor SequentialExecutor
[2021-02-10 05:56:42,196] {scheduler_job.py:1572} INFO - Processing file /Users/hiroakioshima/Desktop/airflow_covid/airflow/dags/covid_emr.py for tasks to queue
[2021-02-10 05:56:42,197] {logging_mixin.py:112} INFO - [2021-02-10 05:56:42,197] {dagbag.py:417} INFO - Filling up the DagBag from /Users/hiroakioshima/Desktop/airflow_covid/airflow/dags/covid_emr.py
[2021-02-10 05:56:42,228] {scheduler_job.py:1584} INFO - DAG(s) dict_keys(['emr_spark_job']) retrieved from /Users/hiroakioshima/Desktop/airflow_covid/airflow/dags/covid_emr.py
[2021-02-10 05:56:42,314] {scheduler_job.py:162} INFO - Processing /Users/hiroakioshima/Desktop/airflow_covid/airflow/dags/covid_emr.py took 0.231 seconds
[2021-02-10 07:01:57,564] {scheduler_job.py:154} INFO - Started process (PID=31598) to work on /Users/hiroakioshima/Desktop/airflow_covid/airflow/dags/covid_emr.py
[2021-02-10 07:01:57,693] {logging_mixin.py:112} INFO - [2021-02-10 07:01:57,692] {__init__.py:50} INFO - Using executor SequentialExecutor
[2021-02-10 07:01:57,710] {scheduler_job.py:1572} INFO - Processing file /Users/hiroakioshima/Desktop/airflow_covid/airflow/dags/covid_emr.py for tasks to queue
[2021-02-10 07:01:57,711] {logging_mixin.py:112} INFO - [2021-02-10 07:01:57,711] {dagbag.py:417} INFO - Filling up the DagBag from /Users/hiroakioshima/Desktop/airflow_covid/airflow/dags/covid_emr.py
[2021-02-10 07:01:57,769] {scheduler_job.py:1584} INFO - DAG(s) dict_keys(['emr_spark_job']) retrieved from /Users/hiroakioshima/Desktop/airflow_covid/airflow/dags/covid_emr.py
[2021-02-10 07:01:57,916] {scheduler_job.py:162} INFO - Processing /Users/hiroakioshima/Desktop/airflow_covid/airflow/dags/covid_emr.py took 0.352 seconds
[2021-02-10 08:13:12,164] {scheduler_job.py:154} INFO - Started process (PID=31699) to work on /Users/hiroakioshima/Desktop/airflow_covid/airflow/dags/covid_emr.py
[2021-02-10 08:13:12,205] {logging_mixin.py:112} INFO - [2021-02-10 08:13:12,205] {__init__.py:50} INFO - Using executor SequentialExecutor
[2021-02-10 08:13:12,208] {scheduler_job.py:1572} INFO - Processing file /Users/hiroakioshima/Desktop/airflow_covid/airflow/dags/covid_emr.py for tasks to queue
[2021-02-10 08:13:12,208] {logging_mixin.py:112} INFO - [2021-02-10 08:13:12,208] {dagbag.py:417} INFO - Filling up the DagBag from /Users/hiroakioshima/Desktop/airflow_covid/airflow/dags/covid_emr.py
[2021-02-10 08:13:12,218] {scheduler_job.py:1584} INFO - DAG(s) dict_keys(['emr_spark_job']) retrieved from /Users/hiroakioshima/Desktop/airflow_covid/airflow/dags/covid_emr.py
[2021-02-10 08:13:12,250] {scheduler_job.py:162} INFO - Processing /Users/hiroakioshima/Desktop/airflow_covid/airflow/dags/covid_emr.py took 0.085 seconds
[2021-02-10 11:19:54,453] {scheduler_job.py:154} INFO - Started process (PID=31826) to work on /Users/hiroakioshima/Desktop/airflow_covid/airflow/dags/covid_emr.py
[2021-02-10 11:19:54,501] {logging_mixin.py:112} INFO - [2021-02-10 11:19:54,501] {__init__.py:50} INFO - Using executor SequentialExecutor
[2021-02-10 11:19:54,502] {scheduler_job.py:1572} INFO - Processing file /Users/hiroakioshima/Desktop/airflow_covid/airflow/dags/covid_emr.py for tasks to queue
[2021-02-10 11:19:54,503] {logging_mixin.py:112} INFO - [2021-02-10 11:19:54,503] {dagbag.py:417} INFO - Filling up the DagBag from /Users/hiroakioshima/Desktop/airflow_covid/airflow/dags/covid_emr.py
[2021-02-10 11:19:54,517] {scheduler_job.py:1584} INFO - DAG(s) dict_keys(['emr_spark_job']) retrieved from /Users/hiroakioshima/Desktop/airflow_covid/airflow/dags/covid_emr.py
[2021-02-10 11:19:54,543] {scheduler_job.py:162} INFO - Processing /Users/hiroakioshima/Desktop/airflow_covid/airflow/dags/covid_emr.py took 0.091 seconds
[2021-02-10 12:09:58,150] {scheduler_job.py:154} INFO - Started process (PID=31927) to work on /Users/hiroakioshima/Desktop/airflow_covid/airflow/dags/covid_emr.py
[2021-02-10 12:09:58,191] {logging_mixin.py:112} INFO - [2021-02-10 12:09:58,190] {__init__.py:50} INFO - Using executor SequentialExecutor
[2021-02-10 12:09:58,192] {scheduler_job.py:1572} INFO - Processing file /Users/hiroakioshima/Desktop/airflow_covid/airflow/dags/covid_emr.py for tasks to queue
[2021-02-10 12:09:58,193] {logging_mixin.py:112} INFO - [2021-02-10 12:09:58,192] {dagbag.py:417} INFO - Filling up the DagBag from /Users/hiroakioshima/Desktop/airflow_covid/airflow/dags/covid_emr.py
[2021-02-10 12:09:58,205] {scheduler_job.py:1584} INFO - DAG(s) dict_keys(['emr_spark_job']) retrieved from /Users/hiroakioshima/Desktop/airflow_covid/airflow/dags/covid_emr.py
[2021-02-10 12:09:58,230] {scheduler_job.py:162} INFO - Processing /Users/hiroakioshima/Desktop/airflow_covid/airflow/dags/covid_emr.py took 0.080 seconds
[2021-02-10 14:09:09,768] {scheduler_job.py:154} INFO - Started process (PID=32049) to work on /Users/hiroakioshima/Desktop/airflow_covid/airflow/dags/covid_emr.py
[2021-02-10 14:09:09,810] {logging_mixin.py:112} INFO - [2021-02-10 14:09:09,810] {__init__.py:50} INFO - Using executor SequentialExecutor
[2021-02-10 14:09:09,811] {scheduler_job.py:1572} INFO - Processing file /Users/hiroakioshima/Desktop/airflow_covid/airflow/dags/covid_emr.py for tasks to queue
[2021-02-10 14:09:09,812] {logging_mixin.py:112} INFO - [2021-02-10 14:09:09,811] {dagbag.py:417} INFO - Filling up the DagBag from /Users/hiroakioshima/Desktop/airflow_covid/airflow/dags/covid_emr.py
[2021-02-10 14:09:09,822] {scheduler_job.py:1584} INFO - DAG(s) dict_keys(['emr_spark_job']) retrieved from /Users/hiroakioshima/Desktop/airflow_covid/airflow/dags/covid_emr.py
[2021-02-10 14:09:09,847] {scheduler_job.py:162} INFO - Processing /Users/hiroakioshima/Desktop/airflow_covid/airflow/dags/covid_emr.py took 0.079 seconds
[2021-02-10 15:28:14,493] {scheduler_job.py:154} INFO - Started process (PID=32146) to work on /Users/hiroakioshima/Desktop/airflow_covid/airflow/dags/covid_emr.py
[2021-02-10 15:28:14,560] {logging_mixin.py:112} INFO - [2021-02-10 15:28:14,560] {__init__.py:50} INFO - Using executor SequentialExecutor
[2021-02-10 15:28:14,562] {scheduler_job.py:1572} INFO - Processing file /Users/hiroakioshima/Desktop/airflow_covid/airflow/dags/covid_emr.py for tasks to queue
[2021-02-10 15:28:14,563] {logging_mixin.py:112} INFO - [2021-02-10 15:28:14,563] {dagbag.py:417} INFO - Filling up the DagBag from /Users/hiroakioshima/Desktop/airflow_covid/airflow/dags/covid_emr.py
[2021-02-10 15:28:14,580] {scheduler_job.py:1584} INFO - DAG(s) dict_keys(['emr_spark_job']) retrieved from /Users/hiroakioshima/Desktop/airflow_covid/airflow/dags/covid_emr.py
[2021-02-10 15:28:14,619] {scheduler_job.py:162} INFO - Processing /Users/hiroakioshima/Desktop/airflow_covid/airflow/dags/covid_emr.py took 0.126 seconds
