[2021-01-23 16:25:34,649] {scheduler_job.py:154} INFO - Started process (PID=88428) to work on /Users/hiroakioshima/Desktop/airflow_covid/airflow/dags/covid_dag.py
[2021-01-23 16:25:34,705] {logging_mixin.py:112} INFO - [2021-01-23 16:25:34,705] {__init__.py:50} INFO - Using executor SequentialExecutor
[2021-01-23 16:25:34,707] {scheduler_job.py:1572} INFO - Processing file /Users/hiroakioshima/Desktop/airflow_covid/airflow/dags/covid_dag.py for tasks to queue
[2021-01-23 16:25:34,707] {logging_mixin.py:112} INFO - [2021-01-23 16:25:34,707] {dagbag.py:417} INFO - Filling up the DagBag from /Users/hiroakioshima/Desktop/airflow_covid/airflow/dags/covid_dag.py
[2021-01-23 16:25:34,713] {logging_mixin.py:112} WARNING - /Users/hiroakioshima/opt/anaconda3/envs/covid_airflow/lib/python3.8/site-packages/airflow/utils/helpers.py:436: DeprecationWarning: Importing 'PythonOperator' directly from 'airflow.operators' has been deprecated. Please import from 'airflow.operators.[operator_module]' instead. Support for direct imports will be dropped entirely in Airflow 2.0.
  warnings.warn(
[2021-01-23 16:25:34,726] {scheduler_job.py:1584} INFO - DAG(s) dict_keys(['covid_warehouse_dag']) retrieved from /Users/hiroakioshima/Desktop/airflow_covid/airflow/dags/covid_dag.py
[2021-01-23 16:25:34,759] {scheduler_job.py:162} INFO - Processing /Users/hiroakioshima/Desktop/airflow_covid/airflow/dags/covid_dag.py took 0.109 seconds
[2021-01-23 17:01:26,947] {scheduler_job.py:154} INFO - Started process (PID=88509) to work on /Users/hiroakioshima/Desktop/airflow_covid/airflow/dags/covid_dag.py
[2021-01-23 17:01:26,985] {logging_mixin.py:112} INFO - [2021-01-23 17:01:26,985] {__init__.py:50} INFO - Using executor SequentialExecutor
[2021-01-23 17:01:26,987] {scheduler_job.py:1572} INFO - Processing file /Users/hiroakioshima/Desktop/airflow_covid/airflow/dags/covid_dag.py for tasks to queue
[2021-01-23 17:01:26,988] {logging_mixin.py:112} INFO - [2021-01-23 17:01:26,987] {dagbag.py:417} INFO - Filling up the DagBag from /Users/hiroakioshima/Desktop/airflow_covid/airflow/dags/covid_dag.py
[2021-01-23 17:01:26,992] {logging_mixin.py:112} WARNING - /Users/hiroakioshima/opt/anaconda3/envs/covid_airflow/lib/python3.8/site-packages/airflow/utils/helpers.py:436: DeprecationWarning: Importing 'PythonOperator' directly from 'airflow.operators' has been deprecated. Please import from 'airflow.operators.[operator_module]' instead. Support for direct imports will be dropped entirely in Airflow 2.0.
  warnings.warn(
[2021-01-23 17:01:26,999] {scheduler_job.py:1584} INFO - DAG(s) dict_keys(['covid_warehouse_dag']) retrieved from /Users/hiroakioshima/Desktop/airflow_covid/airflow/dags/covid_dag.py
[2021-01-23 17:01:27,023] {scheduler_job.py:162} INFO - Processing /Users/hiroakioshima/Desktop/airflow_covid/airflow/dags/covid_dag.py took 0.076 seconds
[2021-01-23 17:02:39,622] {scheduler_job.py:154} INFO - Started process (PID=88583) to work on /Users/hiroakioshima/Desktop/airflow_covid/airflow/dags/covid_dag.py
[2021-01-23 17:02:39,664] {logging_mixin.py:112} INFO - [2021-01-23 17:02:39,663] {__init__.py:50} INFO - Using executor SequentialExecutor
[2021-01-23 17:02:39,665] {scheduler_job.py:1572} INFO - Processing file /Users/hiroakioshima/Desktop/airflow_covid/airflow/dags/covid_dag.py for tasks to queue
[2021-01-23 17:02:39,665] {logging_mixin.py:112} INFO - [2021-01-23 17:02:39,665] {dagbag.py:417} INFO - Filling up the DagBag from /Users/hiroakioshima/Desktop/airflow_covid/airflow/dags/covid_dag.py
[2021-01-23 17:02:39,670] {logging_mixin.py:112} WARNING - /Users/hiroakioshima/opt/anaconda3/envs/covid_airflow/lib/python3.8/site-packages/airflow/utils/helpers.py:436: DeprecationWarning: Importing 'PythonOperator' directly from 'airflow.operators' has been deprecated. Please import from 'airflow.operators.[operator_module]' instead. Support for direct imports will be dropped entirely in Airflow 2.0.
  warnings.warn(
[2021-01-23 17:02:39,677] {scheduler_job.py:1584} INFO - DAG(s) dict_keys(['covid_warehouse_dag']) retrieved from /Users/hiroakioshima/Desktop/airflow_covid/airflow/dags/covid_dag.py
[2021-01-23 17:02:39,702] {scheduler_job.py:162} INFO - Processing /Users/hiroakioshima/Desktop/airflow_covid/airflow/dags/covid_dag.py took 0.080 seconds
[2021-01-23 17:03:50,787] {scheduler_job.py:154} INFO - Started process (PID=88648) to work on /Users/hiroakioshima/Desktop/airflow_covid/airflow/dags/covid_dag.py
[2021-01-23 17:03:50,825] {logging_mixin.py:112} INFO - [2021-01-23 17:03:50,824] {__init__.py:50} INFO - Using executor SequentialExecutor
[2021-01-23 17:03:50,826] {scheduler_job.py:1572} INFO - Processing file /Users/hiroakioshima/Desktop/airflow_covid/airflow/dags/covid_dag.py for tasks to queue
[2021-01-23 17:03:50,826] {logging_mixin.py:112} INFO - [2021-01-23 17:03:50,826] {dagbag.py:417} INFO - Filling up the DagBag from /Users/hiroakioshima/Desktop/airflow_covid/airflow/dags/covid_dag.py
[2021-01-23 17:03:50,831] {logging_mixin.py:112} WARNING - /Users/hiroakioshima/opt/anaconda3/envs/covid_airflow/lib/python3.8/site-packages/airflow/utils/helpers.py:436: DeprecationWarning: Importing 'PythonOperator' directly from 'airflow.operators' has been deprecated. Please import from 'airflow.operators.[operator_module]' instead. Support for direct imports will be dropped entirely in Airflow 2.0.
  warnings.warn(
[2021-01-23 17:03:50,837] {scheduler_job.py:1584} INFO - DAG(s) dict_keys(['covid_warehouse_dag']) retrieved from /Users/hiroakioshima/Desktop/airflow_covid/airflow/dags/covid_dag.py
[2021-01-23 17:03:50,861] {scheduler_job.py:162} INFO - Processing /Users/hiroakioshima/Desktop/airflow_covid/airflow/dags/covid_dag.py took 0.074 seconds
[2021-01-23 17:13:08,847] {scheduler_job.py:154} INFO - Started process (PID=88716) to work on /Users/hiroakioshima/Desktop/airflow_covid/airflow/dags/covid_dag.py
[2021-01-23 17:13:08,884] {logging_mixin.py:112} INFO - [2021-01-23 17:13:08,884] {__init__.py:50} INFO - Using executor SequentialExecutor
[2021-01-23 17:13:08,885] {scheduler_job.py:1572} INFO - Processing file /Users/hiroakioshima/Desktop/airflow_covid/airflow/dags/covid_dag.py for tasks to queue
[2021-01-23 17:13:08,886] {logging_mixin.py:112} INFO - [2021-01-23 17:13:08,886] {dagbag.py:417} INFO - Filling up the DagBag from /Users/hiroakioshima/Desktop/airflow_covid/airflow/dags/covid_dag.py
[2021-01-23 17:13:08,890] {logging_mixin.py:112} WARNING - /Users/hiroakioshima/opt/anaconda3/envs/covid_airflow/lib/python3.8/site-packages/airflow/utils/helpers.py:436: DeprecationWarning: Importing 'PythonOperator' directly from 'airflow.operators' has been deprecated. Please import from 'airflow.operators.[operator_module]' instead. Support for direct imports will be dropped entirely in Airflow 2.0.
  warnings.warn(
[2021-01-23 17:13:08,897] {scheduler_job.py:1584} INFO - DAG(s) dict_keys(['covid_warehouse_dag']) retrieved from /Users/hiroakioshima/Desktop/airflow_covid/airflow/dags/covid_dag.py
[2021-01-23 17:13:08,921] {scheduler_job.py:162} INFO - Processing /Users/hiroakioshima/Desktop/airflow_covid/airflow/dags/covid_dag.py took 0.074 seconds
[2021-01-23 18:14:06,792] {scheduler_job.py:154} INFO - Started process (PID=88798) to work on /Users/hiroakioshima/Desktop/airflow_covid/airflow/dags/covid_dag.py
[2021-01-23 18:14:06,833] {logging_mixin.py:112} INFO - [2021-01-23 18:14:06,832] {__init__.py:50} INFO - Using executor SequentialExecutor
[2021-01-23 18:14:06,834] {scheduler_job.py:1572} INFO - Processing file /Users/hiroakioshima/Desktop/airflow_covid/airflow/dags/covid_dag.py for tasks to queue
[2021-01-23 18:14:06,834] {logging_mixin.py:112} INFO - [2021-01-23 18:14:06,834] {dagbag.py:417} INFO - Filling up the DagBag from /Users/hiroakioshima/Desktop/airflow_covid/airflow/dags/covid_dag.py
[2021-01-23 18:14:06,839] {logging_mixin.py:112} WARNING - /Users/hiroakioshima/opt/anaconda3/envs/covid_airflow/lib/python3.8/site-packages/airflow/utils/helpers.py:436: DeprecationWarning: Importing 'PythonOperator' directly from 'airflow.operators' has been deprecated. Please import from 'airflow.operators.[operator_module]' instead. Support for direct imports will be dropped entirely in Airflow 2.0.
  warnings.warn(
[2021-01-23 18:14:06,846] {scheduler_job.py:1584} INFO - DAG(s) dict_keys(['covid_warehouse_dag']) retrieved from /Users/hiroakioshima/Desktop/airflow_covid/airflow/dags/covid_dag.py
[2021-01-23 18:14:06,871] {scheduler_job.py:162} INFO - Processing /Users/hiroakioshima/Desktop/airflow_covid/airflow/dags/covid_dag.py took 0.078 seconds
[2021-01-23 18:15:27,104] {scheduler_job.py:154} INFO - Started process (PID=88879) to work on /Users/hiroakioshima/Desktop/airflow_covid/airflow/dags/covid_dag.py
[2021-01-23 18:15:27,160] {logging_mixin.py:112} INFO - [2021-01-23 18:15:27,159] {__init__.py:50} INFO - Using executor SequentialExecutor
[2021-01-23 18:15:27,162] {scheduler_job.py:1572} INFO - Processing file /Users/hiroakioshima/Desktop/airflow_covid/airflow/dags/covid_dag.py for tasks to queue
[2021-01-23 18:15:27,162] {logging_mixin.py:112} INFO - [2021-01-23 18:15:27,162] {dagbag.py:417} INFO - Filling up the DagBag from /Users/hiroakioshima/Desktop/airflow_covid/airflow/dags/covid_dag.py
[2021-01-23 18:15:27,166] {logging_mixin.py:112} WARNING - /Users/hiroakioshima/opt/anaconda3/envs/covid_airflow/lib/python3.8/site-packages/airflow/utils/helpers.py:436: DeprecationWarning: Importing 'PythonOperator' directly from 'airflow.operators' has been deprecated. Please import from 'airflow.operators.[operator_module]' instead. Support for direct imports will be dropped entirely in Airflow 2.0.
  warnings.warn(
[2021-01-23 18:15:27,173] {scheduler_job.py:1584} INFO - DAG(s) dict_keys(['covid_warehouse_dag']) retrieved from /Users/hiroakioshima/Desktop/airflow_covid/airflow/dags/covid_dag.py
[2021-01-23 18:15:27,196] {scheduler_job.py:162} INFO - Processing /Users/hiroakioshima/Desktop/airflow_covid/airflow/dags/covid_dag.py took 0.092 seconds
[2021-01-23 18:24:40,446] {scheduler_job.py:154} INFO - Started process (PID=88950) to work on /Users/hiroakioshima/Desktop/airflow_covid/airflow/dags/covid_dag.py
[2021-01-23 18:24:40,485] {logging_mixin.py:112} INFO - [2021-01-23 18:24:40,485] {__init__.py:50} INFO - Using executor SequentialExecutor
[2021-01-23 18:24:40,486] {scheduler_job.py:1572} INFO - Processing file /Users/hiroakioshima/Desktop/airflow_covid/airflow/dags/covid_dag.py for tasks to queue
[2021-01-23 18:24:40,487] {logging_mixin.py:112} INFO - [2021-01-23 18:24:40,487] {dagbag.py:417} INFO - Filling up the DagBag from /Users/hiroakioshima/Desktop/airflow_covid/airflow/dags/covid_dag.py
[2021-01-23 18:24:40,491] {logging_mixin.py:112} WARNING - /Users/hiroakioshima/opt/anaconda3/envs/covid_airflow/lib/python3.8/site-packages/airflow/utils/helpers.py:436: DeprecationWarning: Importing 'PythonOperator' directly from 'airflow.operators' has been deprecated. Please import from 'airflow.operators.[operator_module]' instead. Support for direct imports will be dropped entirely in Airflow 2.0.
  warnings.warn(
[2021-01-23 18:24:40,497] {scheduler_job.py:1584} INFO - DAG(s) dict_keys(['covid_warehouse_dag']) retrieved from /Users/hiroakioshima/Desktop/airflow_covid/airflow/dags/covid_dag.py
[2021-01-23 18:24:40,521] {scheduler_job.py:162} INFO - Processing /Users/hiroakioshima/Desktop/airflow_covid/airflow/dags/covid_dag.py took 0.075 seconds
[2021-01-23 20:46:27,743] {scheduler_job.py:154} INFO - Started process (PID=89031) to work on /Users/hiroakioshima/Desktop/airflow_covid/airflow/dags/covid_dag.py
[2021-01-23 20:46:27,786] {logging_mixin.py:112} INFO - [2021-01-23 20:46:27,786] {__init__.py:50} INFO - Using executor SequentialExecutor
[2021-01-23 20:46:27,787] {scheduler_job.py:1572} INFO - Processing file /Users/hiroakioshima/Desktop/airflow_covid/airflow/dags/covid_dag.py for tasks to queue
[2021-01-23 20:46:27,788] {logging_mixin.py:112} INFO - [2021-01-23 20:46:27,788] {dagbag.py:417} INFO - Filling up the DagBag from /Users/hiroakioshima/Desktop/airflow_covid/airflow/dags/covid_dag.py
[2021-01-23 20:46:27,792] {logging_mixin.py:112} WARNING - /Users/hiroakioshima/opt/anaconda3/envs/covid_airflow/lib/python3.8/site-packages/airflow/utils/helpers.py:436: DeprecationWarning: Importing 'PythonOperator' directly from 'airflow.operators' has been deprecated. Please import from 'airflow.operators.[operator_module]' instead. Support for direct imports will be dropped entirely in Airflow 2.0.
  warnings.warn(
[2021-01-23 20:46:27,799] {scheduler_job.py:1584} INFO - DAG(s) dict_keys(['covid_warehouse_dag']) retrieved from /Users/hiroakioshima/Desktop/airflow_covid/airflow/dags/covid_dag.py
[2021-01-23 20:46:27,823] {scheduler_job.py:162} INFO - Processing /Users/hiroakioshima/Desktop/airflow_covid/airflow/dags/covid_dag.py took 0.080 seconds
[2021-01-23 22:25:00,153] {scheduler_job.py:154} INFO - Started process (PID=89121) to work on /Users/hiroakioshima/Desktop/airflow_covid/airflow/dags/covid_dag.py
[2021-01-23 22:25:00,193] {logging_mixin.py:112} INFO - [2021-01-23 22:25:00,192] {__init__.py:50} INFO - Using executor SequentialExecutor
[2021-01-23 22:25:00,194] {scheduler_job.py:1572} INFO - Processing file /Users/hiroakioshima/Desktop/airflow_covid/airflow/dags/covid_dag.py for tasks to queue
[2021-01-23 22:25:00,195] {logging_mixin.py:112} INFO - [2021-01-23 22:25:00,195] {dagbag.py:417} INFO - Filling up the DagBag from /Users/hiroakioshima/Desktop/airflow_covid/airflow/dags/covid_dag.py
[2021-01-23 22:25:00,199] {logging_mixin.py:112} WARNING - /Users/hiroakioshima/opt/anaconda3/envs/covid_airflow/lib/python3.8/site-packages/airflow/utils/helpers.py:436: DeprecationWarning: Importing 'PythonOperator' directly from 'airflow.operators' has been deprecated. Please import from 'airflow.operators.[operator_module]' instead. Support for direct imports will be dropped entirely in Airflow 2.0.
  warnings.warn(
[2021-01-23 22:25:00,206] {scheduler_job.py:1584} INFO - DAG(s) dict_keys(['covid_warehouse_dag']) retrieved from /Users/hiroakioshima/Desktop/airflow_covid/airflow/dags/covid_dag.py
[2021-01-23 22:25:00,230] {scheduler_job.py:162} INFO - Processing /Users/hiroakioshima/Desktop/airflow_covid/airflow/dags/covid_dag.py took 0.077 seconds
[2021-01-23 22:48:29,153] {scheduler_job.py:154} INFO - Started process (PID=89195) to work on /Users/hiroakioshima/Desktop/airflow_covid/airflow/dags/covid_dag.py
[2021-01-23 22:48:29,193] {logging_mixin.py:112} INFO - [2021-01-23 22:48:29,193] {__init__.py:50} INFO - Using executor SequentialExecutor
[2021-01-23 22:48:29,195] {scheduler_job.py:1572} INFO - Processing file /Users/hiroakioshima/Desktop/airflow_covid/airflow/dags/covid_dag.py for tasks to queue
[2021-01-23 22:48:29,195] {logging_mixin.py:112} INFO - [2021-01-23 22:48:29,195] {dagbag.py:417} INFO - Filling up the DagBag from /Users/hiroakioshima/Desktop/airflow_covid/airflow/dags/covid_dag.py
[2021-01-23 22:48:29,200] {logging_mixin.py:112} WARNING - /Users/hiroakioshima/opt/anaconda3/envs/covid_airflow/lib/python3.8/site-packages/airflow/utils/helpers.py:436: DeprecationWarning: Importing 'PythonOperator' directly from 'airflow.operators' has been deprecated. Please import from 'airflow.operators.[operator_module]' instead. Support for direct imports will be dropped entirely in Airflow 2.0.
  warnings.warn(
[2021-01-23 22:48:29,207] {scheduler_job.py:1584} INFO - DAG(s) dict_keys(['covid_warehouse_dag']) retrieved from /Users/hiroakioshima/Desktop/airflow_covid/airflow/dags/covid_dag.py
[2021-01-23 22:48:29,232] {scheduler_job.py:162} INFO - Processing /Users/hiroakioshima/Desktop/airflow_covid/airflow/dags/covid_dag.py took 0.078 seconds
[2021-01-23 22:49:40,538] {scheduler_job.py:154} INFO - Started process (PID=89257) to work on /Users/hiroakioshima/Desktop/airflow_covid/airflow/dags/covid_dag.py
[2021-01-23 22:49:40,583] {logging_mixin.py:112} INFO - [2021-01-23 22:49:40,583] {__init__.py:50} INFO - Using executor SequentialExecutor
[2021-01-23 22:49:40,585] {scheduler_job.py:1572} INFO - Processing file /Users/hiroakioshima/Desktop/airflow_covid/airflow/dags/covid_dag.py for tasks to queue
[2021-01-23 22:49:40,586] {logging_mixin.py:112} INFO - [2021-01-23 22:49:40,585] {dagbag.py:417} INFO - Filling up the DagBag from /Users/hiroakioshima/Desktop/airflow_covid/airflow/dags/covid_dag.py
[2021-01-23 22:49:40,591] {logging_mixin.py:112} WARNING - /Users/hiroakioshima/opt/anaconda3/envs/covid_airflow/lib/python3.8/site-packages/airflow/utils/helpers.py:436: DeprecationWarning: Importing 'PythonOperator' directly from 'airflow.operators' has been deprecated. Please import from 'airflow.operators.[operator_module]' instead. Support for direct imports will be dropped entirely in Airflow 2.0.
  warnings.warn(
[2021-01-23 22:49:40,603] {scheduler_job.py:1584} INFO - DAG(s) dict_keys(['covid_warehouse_dag']) retrieved from /Users/hiroakioshima/Desktop/airflow_covid/airflow/dags/covid_dag.py
[2021-01-23 22:49:40,636] {scheduler_job.py:162} INFO - Processing /Users/hiroakioshima/Desktop/airflow_covid/airflow/dags/covid_dag.py took 0.097 seconds
[2021-01-23 22:50:57,716] {scheduler_job.py:154} INFO - Started process (PID=89331) to work on /Users/hiroakioshima/Desktop/airflow_covid/airflow/dags/covid_dag.py
[2021-01-23 22:50:57,756] {logging_mixin.py:112} INFO - [2021-01-23 22:50:57,756] {__init__.py:50} INFO - Using executor SequentialExecutor
[2021-01-23 22:50:57,757] {scheduler_job.py:1572} INFO - Processing file /Users/hiroakioshima/Desktop/airflow_covid/airflow/dags/covid_dag.py for tasks to queue
[2021-01-23 22:50:57,758] {logging_mixin.py:112} INFO - [2021-01-23 22:50:57,758] {dagbag.py:417} INFO - Filling up the DagBag from /Users/hiroakioshima/Desktop/airflow_covid/airflow/dags/covid_dag.py
[2021-01-23 22:50:57,762] {logging_mixin.py:112} WARNING - /Users/hiroakioshima/opt/anaconda3/envs/covid_airflow/lib/python3.8/site-packages/airflow/utils/helpers.py:436: DeprecationWarning: Importing 'PythonOperator' directly from 'airflow.operators' has been deprecated. Please import from 'airflow.operators.[operator_module]' instead. Support for direct imports will be dropped entirely in Airflow 2.0.
  warnings.warn(
[2021-01-23 22:50:57,769] {scheduler_job.py:1584} INFO - DAG(s) dict_keys(['covid_warehouse_dag']) retrieved from /Users/hiroakioshima/Desktop/airflow_covid/airflow/dags/covid_dag.py
[2021-01-23 22:50:57,791] {scheduler_job.py:162} INFO - Processing /Users/hiroakioshima/Desktop/airflow_covid/airflow/dags/covid_dag.py took 0.076 seconds
[2021-01-23 23:30:34,605] {scheduler_job.py:154} INFO - Started process (PID=89402) to work on /Users/hiroakioshima/Desktop/airflow_covid/airflow/dags/covid_dag.py
[2021-01-23 23:30:34,642] {logging_mixin.py:112} INFO - [2021-01-23 23:30:34,642] {__init__.py:50} INFO - Using executor SequentialExecutor
[2021-01-23 23:30:34,644] {scheduler_job.py:1572} INFO - Processing file /Users/hiroakioshima/Desktop/airflow_covid/airflow/dags/covid_dag.py for tasks to queue
[2021-01-23 23:30:34,644] {logging_mixin.py:112} INFO - [2021-01-23 23:30:34,644] {dagbag.py:417} INFO - Filling up the DagBag from /Users/hiroakioshima/Desktop/airflow_covid/airflow/dags/covid_dag.py
[2021-01-23 23:30:34,648] {logging_mixin.py:112} WARNING - /Users/hiroakioshima/opt/anaconda3/envs/covid_airflow/lib/python3.8/site-packages/airflow/utils/helpers.py:436: DeprecationWarning: Importing 'PythonOperator' directly from 'airflow.operators' has been deprecated. Please import from 'airflow.operators.[operator_module]' instead. Support for direct imports will be dropped entirely in Airflow 2.0.
  warnings.warn(
[2021-01-23 23:30:34,655] {scheduler_job.py:1584} INFO - DAG(s) dict_keys(['covid_warehouse_dag']) retrieved from /Users/hiroakioshima/Desktop/airflow_covid/airflow/dags/covid_dag.py
[2021-01-23 23:30:34,681] {scheduler_job.py:162} INFO - Processing /Users/hiroakioshima/Desktop/airflow_covid/airflow/dags/covid_dag.py took 0.077 seconds
[2021-01-24 01:19:18,675] {scheduler_job.py:154} INFO - Started process (PID=89494) to work on /Users/hiroakioshima/Desktop/airflow_covid/airflow/dags/covid_dag.py
[2021-01-24 01:19:18,713] {logging_mixin.py:112} INFO - [2021-01-24 01:19:18,713] {__init__.py:50} INFO - Using executor SequentialExecutor
[2021-01-24 01:19:18,715] {scheduler_job.py:1572} INFO - Processing file /Users/hiroakioshima/Desktop/airflow_covid/airflow/dags/covid_dag.py for tasks to queue
[2021-01-24 01:19:18,715] {logging_mixin.py:112} INFO - [2021-01-24 01:19:18,715] {dagbag.py:417} INFO - Filling up the DagBag from /Users/hiroakioshima/Desktop/airflow_covid/airflow/dags/covid_dag.py
[2021-01-24 01:19:18,720] {logging_mixin.py:112} WARNING - /Users/hiroakioshima/opt/anaconda3/envs/covid_airflow/lib/python3.8/site-packages/airflow/utils/helpers.py:436: DeprecationWarning: Importing 'PythonOperator' directly from 'airflow.operators' has been deprecated. Please import from 'airflow.operators.[operator_module]' instead. Support for direct imports will be dropped entirely in Airflow 2.0.
  warnings.warn(
[2021-01-24 01:19:18,726] {scheduler_job.py:1584} INFO - DAG(s) dict_keys(['covid_warehouse_dag']) retrieved from /Users/hiroakioshima/Desktop/airflow_covid/airflow/dags/covid_dag.py
[2021-01-24 01:19:18,750] {scheduler_job.py:162} INFO - Processing /Users/hiroakioshima/Desktop/airflow_covid/airflow/dags/covid_dag.py took 0.075 seconds
[2021-01-24 04:47:00,778] {scheduler_job.py:154} INFO - Started process (PID=89595) to work on /Users/hiroakioshima/Desktop/airflow_covid/airflow/dags/covid_dag.py
[2021-01-24 04:47:00,846] {logging_mixin.py:112} INFO - [2021-01-24 04:47:00,846] {__init__.py:50} INFO - Using executor SequentialExecutor
[2021-01-24 04:47:00,848] {scheduler_job.py:1572} INFO - Processing file /Users/hiroakioshima/Desktop/airflow_covid/airflow/dags/covid_dag.py for tasks to queue
[2021-01-24 04:47:00,848] {logging_mixin.py:112} INFO - [2021-01-24 04:47:00,848] {dagbag.py:417} INFO - Filling up the DagBag from /Users/hiroakioshima/Desktop/airflow_covid/airflow/dags/covid_dag.py
[2021-01-24 04:47:00,853] {logging_mixin.py:112} WARNING - /Users/hiroakioshima/opt/anaconda3/envs/covid_airflow/lib/python3.8/site-packages/airflow/utils/helpers.py:436: DeprecationWarning: Importing 'PythonOperator' directly from 'airflow.operators' has been deprecated. Please import from 'airflow.operators.[operator_module]' instead. Support for direct imports will be dropped entirely in Airflow 2.0.
  warnings.warn(
[2021-01-24 04:47:00,862] {scheduler_job.py:1584} INFO - DAG(s) dict_keys(['covid_warehouse_dag']) retrieved from /Users/hiroakioshima/Desktop/airflow_covid/airflow/dags/covid_dag.py
[2021-01-24 04:47:00,895] {scheduler_job.py:162} INFO - Processing /Users/hiroakioshima/Desktop/airflow_covid/airflow/dags/covid_dag.py took 0.117 seconds
[2021-01-24 06:35:21,656] {scheduler_job.py:154} INFO - Started process (PID=89671) to work on /Users/hiroakioshima/Desktop/airflow_covid/airflow/dags/covid_dag.py
[2021-01-24 06:35:21,697] {logging_mixin.py:112} INFO - [2021-01-24 06:35:21,696] {__init__.py:50} INFO - Using executor SequentialExecutor
[2021-01-24 06:35:21,698] {scheduler_job.py:1572} INFO - Processing file /Users/hiroakioshima/Desktop/airflow_covid/airflow/dags/covid_dag.py for tasks to queue
[2021-01-24 06:35:21,699] {logging_mixin.py:112} INFO - [2021-01-24 06:35:21,699] {dagbag.py:417} INFO - Filling up the DagBag from /Users/hiroakioshima/Desktop/airflow_covid/airflow/dags/covid_dag.py
[2021-01-24 06:35:21,703] {logging_mixin.py:112} WARNING - /Users/hiroakioshima/opt/anaconda3/envs/covid_airflow/lib/python3.8/site-packages/airflow/utils/helpers.py:436: DeprecationWarning: Importing 'PythonOperator' directly from 'airflow.operators' has been deprecated. Please import from 'airflow.operators.[operator_module]' instead. Support for direct imports will be dropped entirely in Airflow 2.0.
  warnings.warn(
[2021-01-24 06:35:21,709] {scheduler_job.py:1584} INFO - DAG(s) dict_keys(['covid_warehouse_dag']) retrieved from /Users/hiroakioshima/Desktop/airflow_covid/airflow/dags/covid_dag.py
[2021-01-24 06:35:21,741] {scheduler_job.py:162} INFO - Processing /Users/hiroakioshima/Desktop/airflow_covid/airflow/dags/covid_dag.py took 0.085 seconds
[2021-01-24 10:11:16,669] {scheduler_job.py:154} INFO - Started process (PID=89747) to work on /Users/hiroakioshima/Desktop/airflow_covid/airflow/dags/covid_dag.py
[2021-01-24 10:11:16,708] {logging_mixin.py:112} INFO - [2021-01-24 10:11:16,707] {__init__.py:50} INFO - Using executor SequentialExecutor
[2021-01-24 10:11:16,709] {scheduler_job.py:1572} INFO - Processing file /Users/hiroakioshima/Desktop/airflow_covid/airflow/dags/covid_dag.py for tasks to queue
[2021-01-24 10:11:16,709] {logging_mixin.py:112} INFO - [2021-01-24 10:11:16,709] {dagbag.py:417} INFO - Filling up the DagBag from /Users/hiroakioshima/Desktop/airflow_covid/airflow/dags/covid_dag.py
[2021-01-24 10:11:16,714] {logging_mixin.py:112} WARNING - /Users/hiroakioshima/opt/anaconda3/envs/covid_airflow/lib/python3.8/site-packages/airflow/utils/helpers.py:436: DeprecationWarning: Importing 'PythonOperator' directly from 'airflow.operators' has been deprecated. Please import from 'airflow.operators.[operator_module]' instead. Support for direct imports will be dropped entirely in Airflow 2.0.
  warnings.warn(
[2021-01-24 10:11:16,721] {scheduler_job.py:1584} INFO - DAG(s) dict_keys(['covid_warehouse_dag']) retrieved from /Users/hiroakioshima/Desktop/airflow_covid/airflow/dags/covid_dag.py
[2021-01-24 10:11:16,748] {scheduler_job.py:162} INFO - Processing /Users/hiroakioshima/Desktop/airflow_covid/airflow/dags/covid_dag.py took 0.079 seconds
[2021-01-24 12:00:02,663] {scheduler_job.py:154} INFO - Started process (PID=89893) to work on /Users/hiroakioshima/Desktop/airflow_covid/airflow/dags/covid_dag.py
[2021-01-24 12:00:02,712] {logging_mixin.py:112} INFO - [2021-01-24 12:00:02,711] {__init__.py:50} INFO - Using executor SequentialExecutor
[2021-01-24 12:00:02,713] {scheduler_job.py:1572} INFO - Processing file /Users/hiroakioshima/Desktop/airflow_covid/airflow/dags/covid_dag.py for tasks to queue
[2021-01-24 12:00:02,714] {logging_mixin.py:112} INFO - [2021-01-24 12:00:02,714] {dagbag.py:417} INFO - Filling up the DagBag from /Users/hiroakioshima/Desktop/airflow_covid/airflow/dags/covid_dag.py
[2021-01-24 12:00:02,719] {logging_mixin.py:112} WARNING - /Users/hiroakioshima/opt/anaconda3/envs/covid_airflow/lib/python3.8/site-packages/airflow/utils/helpers.py:436: DeprecationWarning: Importing 'PythonOperator' directly from 'airflow.operators' has been deprecated. Please import from 'airflow.operators.[operator_module]' instead. Support for direct imports will be dropped entirely in Airflow 2.0.
  warnings.warn(
[2021-01-24 12:00:02,730] {scheduler_job.py:1584} INFO - DAG(s) dict_keys(['covid_warehouse_dag']) retrieved from /Users/hiroakioshima/Desktop/airflow_covid/airflow/dags/covid_dag.py
[2021-01-24 12:00:02,754] {scheduler_job.py:162} INFO - Processing /Users/hiroakioshima/Desktop/airflow_covid/airflow/dags/covid_dag.py took 0.091 seconds
[2021-01-24 12:03:46,334] {scheduler_job.py:154} INFO - Started process (PID=89972) to work on /Users/hiroakioshima/Desktop/airflow_covid/airflow/dags/covid_dag.py
[2021-01-24 12:03:46,375] {logging_mixin.py:112} INFO - [2021-01-24 12:03:46,375] {__init__.py:50} INFO - Using executor SequentialExecutor
[2021-01-24 12:03:46,377] {scheduler_job.py:1572} INFO - Processing file /Users/hiroakioshima/Desktop/airflow_covid/airflow/dags/covid_dag.py for tasks to queue
[2021-01-24 12:03:46,378] {logging_mixin.py:112} INFO - [2021-01-24 12:03:46,378] {dagbag.py:417} INFO - Filling up the DagBag from /Users/hiroakioshima/Desktop/airflow_covid/airflow/dags/covid_dag.py
[2021-01-24 12:03:46,383] {logging_mixin.py:112} WARNING - /Users/hiroakioshima/opt/anaconda3/envs/covid_airflow/lib/python3.8/site-packages/airflow/utils/helpers.py:436: DeprecationWarning: Importing 'PythonOperator' directly from 'airflow.operators' has been deprecated. Please import from 'airflow.operators.[operator_module]' instead. Support for direct imports will be dropped entirely in Airflow 2.0.
  warnings.warn(
[2021-01-24 12:03:46,395] {scheduler_job.py:1584} INFO - DAG(s) dict_keys(['covid_warehouse_dag']) retrieved from /Users/hiroakioshima/Desktop/airflow_covid/airflow/dags/covid_dag.py
[2021-01-24 12:03:46,420] {scheduler_job.py:162} INFO - Processing /Users/hiroakioshima/Desktop/airflow_covid/airflow/dags/covid_dag.py took 0.086 seconds
[2021-01-24 12:12:49,601] {scheduler_job.py:154} INFO - Started process (PID=90035) to work on /Users/hiroakioshima/Desktop/airflow_covid/airflow/dags/covid_dag.py
[2021-01-24 12:12:49,643] {logging_mixin.py:112} INFO - [2021-01-24 12:12:49,642] {__init__.py:50} INFO - Using executor SequentialExecutor
[2021-01-24 12:12:49,644] {scheduler_job.py:1572} INFO - Processing file /Users/hiroakioshima/Desktop/airflow_covid/airflow/dags/covid_dag.py for tasks to queue
[2021-01-24 12:12:49,645] {logging_mixin.py:112} INFO - [2021-01-24 12:12:49,645] {dagbag.py:417} INFO - Filling up the DagBag from /Users/hiroakioshima/Desktop/airflow_covid/airflow/dags/covid_dag.py
[2021-01-24 12:12:49,649] {logging_mixin.py:112} WARNING - /Users/hiroakioshima/opt/anaconda3/envs/covid_airflow/lib/python3.8/site-packages/airflow/utils/helpers.py:436: DeprecationWarning: Importing 'PythonOperator' directly from 'airflow.operators' has been deprecated. Please import from 'airflow.operators.[operator_module]' instead. Support for direct imports will be dropped entirely in Airflow 2.0.
  warnings.warn(
[2021-01-24 12:12:49,656] {scheduler_job.py:1584} INFO - DAG(s) dict_keys(['covid_warehouse_dag']) retrieved from /Users/hiroakioshima/Desktop/airflow_covid/airflow/dags/covid_dag.py
[2021-01-24 12:12:49,678] {scheduler_job.py:162} INFO - Processing /Users/hiroakioshima/Desktop/airflow_covid/airflow/dags/covid_dag.py took 0.077 seconds
[2021-01-24 12:51:08,322] {scheduler_job.py:154} INFO - Started process (PID=90116) to work on /Users/hiroakioshima/Desktop/airflow_covid/airflow/dags/covid_dag.py
[2021-01-24 12:51:08,361] {logging_mixin.py:112} INFO - [2021-01-24 12:51:08,360] {__init__.py:50} INFO - Using executor SequentialExecutor
[2021-01-24 12:51:08,362] {scheduler_job.py:1572} INFO - Processing file /Users/hiroakioshima/Desktop/airflow_covid/airflow/dags/covid_dag.py for tasks to queue
[2021-01-24 12:51:08,363] {logging_mixin.py:112} INFO - [2021-01-24 12:51:08,362] {dagbag.py:417} INFO - Filling up the DagBag from /Users/hiroakioshima/Desktop/airflow_covid/airflow/dags/covid_dag.py
[2021-01-24 12:51:08,367] {logging_mixin.py:112} WARNING - /Users/hiroakioshima/opt/anaconda3/envs/covid_airflow/lib/python3.8/site-packages/airflow/utils/helpers.py:436: DeprecationWarning: Importing 'PythonOperator' directly from 'airflow.operators' has been deprecated. Please import from 'airflow.operators.[operator_module]' instead. Support for direct imports will be dropped entirely in Airflow 2.0.
  warnings.warn(
[2021-01-24 12:51:08,373] {scheduler_job.py:1584} INFO - DAG(s) dict_keys(['covid_warehouse_dag']) retrieved from /Users/hiroakioshima/Desktop/airflow_covid/airflow/dags/covid_dag.py
[2021-01-24 12:51:08,397] {scheduler_job.py:162} INFO - Processing /Users/hiroakioshima/Desktop/airflow_covid/airflow/dags/covid_dag.py took 0.075 seconds
[2021-01-24 15:09:32,597] {scheduler_job.py:154} INFO - Started process (PID=90189) to work on /Users/hiroakioshima/Desktop/airflow_covid/airflow/dags/covid_dag.py
[2021-01-24 15:09:32,646] {logging_mixin.py:112} INFO - [2021-01-24 15:09:32,646] {__init__.py:50} INFO - Using executor SequentialExecutor
[2021-01-24 15:09:32,648] {scheduler_job.py:1572} INFO - Processing file /Users/hiroakioshima/Desktop/airflow_covid/airflow/dags/covid_dag.py for tasks to queue
[2021-01-24 15:09:32,649] {logging_mixin.py:112} INFO - [2021-01-24 15:09:32,649] {dagbag.py:417} INFO - Filling up the DagBag from /Users/hiroakioshima/Desktop/airflow_covid/airflow/dags/covid_dag.py
[2021-01-24 15:09:32,654] {logging_mixin.py:112} WARNING - /Users/hiroakioshima/opt/anaconda3/envs/covid_airflow/lib/python3.8/site-packages/airflow/utils/helpers.py:436: DeprecationWarning: Importing 'PythonOperator' directly from 'airflow.operators' has been deprecated. Please import from 'airflow.operators.[operator_module]' instead. Support for direct imports will be dropped entirely in Airflow 2.0.
  warnings.warn(
[2021-01-24 15:09:32,661] {scheduler_job.py:1584} INFO - DAG(s) dict_keys(['covid_warehouse_dag']) retrieved from /Users/hiroakioshima/Desktop/airflow_covid/airflow/dags/covid_dag.py
[2021-01-24 15:09:32,685] {scheduler_job.py:162} INFO - Processing /Users/hiroakioshima/Desktop/airflow_covid/airflow/dags/covid_dag.py took 0.088 seconds
