[2021-01-22 16:43:13,669] {scheduler_job.py:154} INFO - Started process (PID=87095) to work on /Users/hiroakioshima/Desktop/airflow_covid/airflow/dags/covid_dag.py
[2021-01-22 16:43:13,719] {logging_mixin.py:112} INFO - [2021-01-22 16:43:13,719] {__init__.py:50} INFO - Using executor SequentialExecutor
[2021-01-22 16:43:13,721] {scheduler_job.py:1572} INFO - Processing file /Users/hiroakioshima/Desktop/airflow_covid/airflow/dags/covid_dag.py for tasks to queue
[2021-01-22 16:43:13,722] {logging_mixin.py:112} INFO - [2021-01-22 16:43:13,722] {dagbag.py:417} INFO - Filling up the DagBag from /Users/hiroakioshima/Desktop/airflow_covid/airflow/dags/covid_dag.py
[2021-01-22 16:43:13,728] {logging_mixin.py:112} WARNING - /Users/hiroakioshima/opt/anaconda3/envs/covid_airflow/lib/python3.8/site-packages/airflow/utils/helpers.py:436: DeprecationWarning: Importing 'PythonOperator' directly from 'airflow.operators' has been deprecated. Please import from 'airflow.operators.[operator_module]' instead. Support for direct imports will be dropped entirely in Airflow 2.0.
  warnings.warn(
[2021-01-22 16:43:13,737] {scheduler_job.py:1584} INFO - DAG(s) dict_keys(['covid_warehouse_dag']) retrieved from /Users/hiroakioshima/Desktop/airflow_covid/airflow/dags/covid_dag.py
[2021-01-22 16:43:13,770] {scheduler_job.py:162} INFO - Processing /Users/hiroakioshima/Desktop/airflow_covid/airflow/dags/covid_dag.py took 0.101 seconds
[2021-01-22 16:48:03,552] {scheduler_job.py:154} INFO - Started process (PID=87197) to work on /Users/hiroakioshima/Desktop/airflow_covid/airflow/dags/covid_dag.py
[2021-01-22 16:48:03,593] {logging_mixin.py:112} INFO - [2021-01-22 16:48:03,593] {__init__.py:50} INFO - Using executor SequentialExecutor
[2021-01-22 16:48:03,595] {scheduler_job.py:1572} INFO - Processing file /Users/hiroakioshima/Desktop/airflow_covid/airflow/dags/covid_dag.py for tasks to queue
[2021-01-22 16:48:03,595] {logging_mixin.py:112} INFO - [2021-01-22 16:48:03,595] {dagbag.py:417} INFO - Filling up the DagBag from /Users/hiroakioshima/Desktop/airflow_covid/airflow/dags/covid_dag.py
[2021-01-22 16:48:03,599] {logging_mixin.py:112} WARNING - /Users/hiroakioshima/opt/anaconda3/envs/covid_airflow/lib/python3.8/site-packages/airflow/utils/helpers.py:436: DeprecationWarning: Importing 'PythonOperator' directly from 'airflow.operators' has been deprecated. Please import from 'airflow.operators.[operator_module]' instead. Support for direct imports will be dropped entirely in Airflow 2.0.
  warnings.warn(
[2021-01-22 16:48:03,606] {scheduler_job.py:1584} INFO - DAG(s) dict_keys(['covid_warehouse_dag']) retrieved from /Users/hiroakioshima/Desktop/airflow_covid/airflow/dags/covid_dag.py
[2021-01-22 16:48:03,629] {scheduler_job.py:162} INFO - Processing /Users/hiroakioshima/Desktop/airflow_covid/airflow/dags/covid_dag.py took 0.077 seconds
[2021-01-22 17:47:50,041] {scheduler_job.py:154} INFO - Started process (PID=87277) to work on /Users/hiroakioshima/Desktop/airflow_covid/airflow/dags/covid_dag.py
[2021-01-22 17:47:50,080] {logging_mixin.py:112} INFO - [2021-01-22 17:47:50,079] {__init__.py:50} INFO - Using executor SequentialExecutor
[2021-01-22 17:47:50,081] {scheduler_job.py:1572} INFO - Processing file /Users/hiroakioshima/Desktop/airflow_covid/airflow/dags/covid_dag.py for tasks to queue
[2021-01-22 17:47:50,081] {logging_mixin.py:112} INFO - [2021-01-22 17:47:50,081] {dagbag.py:417} INFO - Filling up the DagBag from /Users/hiroakioshima/Desktop/airflow_covid/airflow/dags/covid_dag.py
[2021-01-22 17:47:50,085] {logging_mixin.py:112} WARNING - /Users/hiroakioshima/opt/anaconda3/envs/covid_airflow/lib/python3.8/site-packages/airflow/utils/helpers.py:436: DeprecationWarning: Importing 'PythonOperator' directly from 'airflow.operators' has been deprecated. Please import from 'airflow.operators.[operator_module]' instead. Support for direct imports will be dropped entirely in Airflow 2.0.
  warnings.warn(
[2021-01-22 17:47:50,092] {scheduler_job.py:1584} INFO - DAG(s) dict_keys(['covid_warehouse_dag']) retrieved from /Users/hiroakioshima/Desktop/airflow_covid/airflow/dags/covid_dag.py
[2021-01-22 17:47:50,116] {scheduler_job.py:162} INFO - Processing /Users/hiroakioshima/Desktop/airflow_covid/airflow/dags/covid_dag.py took 0.075 seconds
[2021-01-22 17:51:17,784] {scheduler_job.py:154} INFO - Started process (PID=87355) to work on /Users/hiroakioshima/Desktop/airflow_covid/airflow/dags/covid_dag.py
[2021-01-22 17:51:17,821] {logging_mixin.py:112} INFO - [2021-01-22 17:51:17,821] {__init__.py:50} INFO - Using executor SequentialExecutor
[2021-01-22 17:51:17,823] {scheduler_job.py:1572} INFO - Processing file /Users/hiroakioshima/Desktop/airflow_covid/airflow/dags/covid_dag.py for tasks to queue
[2021-01-22 17:51:17,823] {logging_mixin.py:112} INFO - [2021-01-22 17:51:17,823] {dagbag.py:417} INFO - Filling up the DagBag from /Users/hiroakioshima/Desktop/airflow_covid/airflow/dags/covid_dag.py
[2021-01-22 17:51:17,827] {logging_mixin.py:112} WARNING - /Users/hiroakioshima/opt/anaconda3/envs/covid_airflow/lib/python3.8/site-packages/airflow/utils/helpers.py:436: DeprecationWarning: Importing 'PythonOperator' directly from 'airflow.operators' has been deprecated. Please import from 'airflow.operators.[operator_module]' instead. Support for direct imports will be dropped entirely in Airflow 2.0.
  warnings.warn(
[2021-01-22 17:51:17,834] {scheduler_job.py:1584} INFO - DAG(s) dict_keys(['covid_warehouse_dag']) retrieved from /Users/hiroakioshima/Desktop/airflow_covid/airflow/dags/covid_dag.py
[2021-01-22 17:51:17,860] {scheduler_job.py:162} INFO - Processing /Users/hiroakioshima/Desktop/airflow_covid/airflow/dags/covid_dag.py took 0.076 seconds
[2021-01-22 19:53:16,904] {scheduler_job.py:154} INFO - Started process (PID=87469) to work on /Users/hiroakioshima/Desktop/airflow_covid/airflow/dags/covid_dag.py
[2021-01-22 19:53:16,949] {logging_mixin.py:112} INFO - [2021-01-22 19:53:16,948] {__init__.py:50} INFO - Using executor SequentialExecutor
[2021-01-22 19:53:16,950] {scheduler_job.py:1572} INFO - Processing file /Users/hiroakioshima/Desktop/airflow_covid/airflow/dags/covid_dag.py for tasks to queue
[2021-01-22 19:53:16,950] {logging_mixin.py:112} INFO - [2021-01-22 19:53:16,950] {dagbag.py:417} INFO - Filling up the DagBag from /Users/hiroakioshima/Desktop/airflow_covid/airflow/dags/covid_dag.py
[2021-01-22 19:53:16,954] {logging_mixin.py:112} WARNING - /Users/hiroakioshima/opt/anaconda3/envs/covid_airflow/lib/python3.8/site-packages/airflow/utils/helpers.py:436: DeprecationWarning: Importing 'PythonOperator' directly from 'airflow.operators' has been deprecated. Please import from 'airflow.operators.[operator_module]' instead. Support for direct imports will be dropped entirely in Airflow 2.0.
  warnings.warn(
[2021-01-22 19:53:16,961] {scheduler_job.py:1584} INFO - DAG(s) dict_keys(['covid_warehouse_dag']) retrieved from /Users/hiroakioshima/Desktop/airflow_covid/airflow/dags/covid_dag.py
[2021-01-22 19:53:16,985] {scheduler_job.py:162} INFO - Processing /Users/hiroakioshima/Desktop/airflow_covid/airflow/dags/covid_dag.py took 0.081 seconds
[2021-01-22 20:01:24,298] {scheduler_job.py:154} INFO - Started process (PID=87544) to work on /Users/hiroakioshima/Desktop/airflow_covid/airflow/dags/covid_dag.py
[2021-01-22 20:01:24,336] {logging_mixin.py:112} INFO - [2021-01-22 20:01:24,336] {__init__.py:50} INFO - Using executor SequentialExecutor
[2021-01-22 20:01:24,338] {scheduler_job.py:1572} INFO - Processing file /Users/hiroakioshima/Desktop/airflow_covid/airflow/dags/covid_dag.py for tasks to queue
[2021-01-22 20:01:24,338] {logging_mixin.py:112} INFO - [2021-01-22 20:01:24,338] {dagbag.py:417} INFO - Filling up the DagBag from /Users/hiroakioshima/Desktop/airflow_covid/airflow/dags/covid_dag.py
[2021-01-22 20:01:24,342] {logging_mixin.py:112} WARNING - /Users/hiroakioshima/opt/anaconda3/envs/covid_airflow/lib/python3.8/site-packages/airflow/utils/helpers.py:436: DeprecationWarning: Importing 'PythonOperator' directly from 'airflow.operators' has been deprecated. Please import from 'airflow.operators.[operator_module]' instead. Support for direct imports will be dropped entirely in Airflow 2.0.
  warnings.warn(
[2021-01-22 20:01:24,349] {scheduler_job.py:1584} INFO - DAG(s) dict_keys(['covid_warehouse_dag']) retrieved from /Users/hiroakioshima/Desktop/airflow_covid/airflow/dags/covid_dag.py
[2021-01-22 20:01:24,377] {scheduler_job.py:162} INFO - Processing /Users/hiroakioshima/Desktop/airflow_covid/airflow/dags/covid_dag.py took 0.079 seconds
[2021-01-22 20:34:39,326] {scheduler_job.py:154} INFO - Started process (PID=87620) to work on /Users/hiroakioshima/Desktop/airflow_covid/airflow/dags/covid_dag.py
[2021-01-22 20:34:39,363] {logging_mixin.py:112} INFO - [2021-01-22 20:34:39,363] {__init__.py:50} INFO - Using executor SequentialExecutor
[2021-01-22 20:34:39,365] {scheduler_job.py:1572} INFO - Processing file /Users/hiroakioshima/Desktop/airflow_covid/airflow/dags/covid_dag.py for tasks to queue
[2021-01-22 20:34:39,365] {logging_mixin.py:112} INFO - [2021-01-22 20:34:39,365] {dagbag.py:417} INFO - Filling up the DagBag from /Users/hiroakioshima/Desktop/airflow_covid/airflow/dags/covid_dag.py
[2021-01-22 20:34:39,369] {logging_mixin.py:112} WARNING - /Users/hiroakioshima/opt/anaconda3/envs/covid_airflow/lib/python3.8/site-packages/airflow/utils/helpers.py:436: DeprecationWarning: Importing 'PythonOperator' directly from 'airflow.operators' has been deprecated. Please import from 'airflow.operators.[operator_module]' instead. Support for direct imports will be dropped entirely in Airflow 2.0.
  warnings.warn(
[2021-01-22 20:34:39,376] {scheduler_job.py:1584} INFO - DAG(s) dict_keys(['covid_warehouse_dag']) retrieved from /Users/hiroakioshima/Desktop/airflow_covid/airflow/dags/covid_dag.py
[2021-01-22 20:34:39,400] {scheduler_job.py:162} INFO - Processing /Users/hiroakioshima/Desktop/airflow_covid/airflow/dags/covid_dag.py took 0.074 seconds
[2021-01-22 22:23:12,351] {scheduler_job.py:154} INFO - Started process (PID=87697) to work on /Users/hiroakioshima/Desktop/airflow_covid/airflow/dags/covid_dag.py
[2021-01-22 22:23:12,389] {logging_mixin.py:112} INFO - [2021-01-22 22:23:12,388] {__init__.py:50} INFO - Using executor SequentialExecutor
[2021-01-22 22:23:12,390] {scheduler_job.py:1572} INFO - Processing file /Users/hiroakioshima/Desktop/airflow_covid/airflow/dags/covid_dag.py for tasks to queue
[2021-01-22 22:23:12,390] {logging_mixin.py:112} INFO - [2021-01-22 22:23:12,390] {dagbag.py:417} INFO - Filling up the DagBag from /Users/hiroakioshima/Desktop/airflow_covid/airflow/dags/covid_dag.py
[2021-01-22 22:23:12,395] {logging_mixin.py:112} WARNING - /Users/hiroakioshima/opt/anaconda3/envs/covid_airflow/lib/python3.8/site-packages/airflow/utils/helpers.py:436: DeprecationWarning: Importing 'PythonOperator' directly from 'airflow.operators' has been deprecated. Please import from 'airflow.operators.[operator_module]' instead. Support for direct imports will be dropped entirely in Airflow 2.0.
  warnings.warn(
[2021-01-22 22:23:12,401] {scheduler_job.py:1584} INFO - DAG(s) dict_keys(['covid_warehouse_dag']) retrieved from /Users/hiroakioshima/Desktop/airflow_covid/airflow/dags/covid_dag.py
[2021-01-22 22:23:12,426] {scheduler_job.py:162} INFO - Processing /Users/hiroakioshima/Desktop/airflow_covid/airflow/dags/covid_dag.py took 0.074 seconds
[2021-01-23 01:53:05,809] {scheduler_job.py:154} INFO - Started process (PID=87786) to work on /Users/hiroakioshima/Desktop/airflow_covid/airflow/dags/covid_dag.py
[2021-01-23 01:53:05,847] {logging_mixin.py:112} INFO - [2021-01-23 01:53:05,847] {__init__.py:50} INFO - Using executor SequentialExecutor
[2021-01-23 01:53:05,848] {scheduler_job.py:1572} INFO - Processing file /Users/hiroakioshima/Desktop/airflow_covid/airflow/dags/covid_dag.py for tasks to queue
[2021-01-23 01:53:05,849] {logging_mixin.py:112} INFO - [2021-01-23 01:53:05,849] {dagbag.py:417} INFO - Filling up the DagBag from /Users/hiroakioshima/Desktop/airflow_covid/airflow/dags/covid_dag.py
[2021-01-23 01:53:05,853] {logging_mixin.py:112} WARNING - /Users/hiroakioshima/opt/anaconda3/envs/covid_airflow/lib/python3.8/site-packages/airflow/utils/helpers.py:436: DeprecationWarning: Importing 'PythonOperator' directly from 'airflow.operators' has been deprecated. Please import from 'airflow.operators.[operator_module]' instead. Support for direct imports will be dropped entirely in Airflow 2.0.
  warnings.warn(
[2021-01-23 01:53:05,860] {scheduler_job.py:1584} INFO - DAG(s) dict_keys(['covid_warehouse_dag']) retrieved from /Users/hiroakioshima/Desktop/airflow_covid/airflow/dags/covid_dag.py
[2021-01-23 01:53:05,883] {scheduler_job.py:162} INFO - Processing /Users/hiroakioshima/Desktop/airflow_covid/airflow/dags/covid_dag.py took 0.074 seconds
[2021-01-23 03:43:55,445] {scheduler_job.py:154} INFO - Started process (PID=87879) to work on /Users/hiroakioshima/Desktop/airflow_covid/airflow/dags/covid_dag.py
[2021-01-23 03:43:55,509] {logging_mixin.py:112} INFO - [2021-01-23 03:43:55,509] {__init__.py:50} INFO - Using executor SequentialExecutor
[2021-01-23 03:43:55,511] {scheduler_job.py:1572} INFO - Processing file /Users/hiroakioshima/Desktop/airflow_covid/airflow/dags/covid_dag.py for tasks to queue
[2021-01-23 03:43:55,512] {logging_mixin.py:112} INFO - [2021-01-23 03:43:55,512] {dagbag.py:417} INFO - Filling up the DagBag from /Users/hiroakioshima/Desktop/airflow_covid/airflow/dags/covid_dag.py
[2021-01-23 03:43:55,519] {logging_mixin.py:112} WARNING - /Users/hiroakioshima/opt/anaconda3/envs/covid_airflow/lib/python3.8/site-packages/airflow/utils/helpers.py:436: DeprecationWarning: Importing 'PythonOperator' directly from 'airflow.operators' has been deprecated. Please import from 'airflow.operators.[operator_module]' instead. Support for direct imports will be dropped entirely in Airflow 2.0.
  warnings.warn(
[2021-01-23 03:43:55,528] {scheduler_job.py:1584} INFO - DAG(s) dict_keys(['covid_warehouse_dag']) retrieved from /Users/hiroakioshima/Desktop/airflow_covid/airflow/dags/covid_dag.py
[2021-01-23 03:43:55,563] {scheduler_job.py:162} INFO - Processing /Users/hiroakioshima/Desktop/airflow_covid/airflow/dags/covid_dag.py took 0.117 seconds
[2021-01-23 05:32:36,718] {scheduler_job.py:154} INFO - Started process (PID=87955) to work on /Users/hiroakioshima/Desktop/airflow_covid/airflow/dags/covid_dag.py
[2021-01-23 05:32:36,756] {logging_mixin.py:112} INFO - [2021-01-23 05:32:36,756] {__init__.py:50} INFO - Using executor SequentialExecutor
[2021-01-23 05:32:36,757] {scheduler_job.py:1572} INFO - Processing file /Users/hiroakioshima/Desktop/airflow_covid/airflow/dags/covid_dag.py for tasks to queue
[2021-01-23 05:32:36,758] {logging_mixin.py:112} INFO - [2021-01-23 05:32:36,758] {dagbag.py:417} INFO - Filling up the DagBag from /Users/hiroakioshima/Desktop/airflow_covid/airflow/dags/covid_dag.py
[2021-01-23 05:32:36,762] {logging_mixin.py:112} WARNING - /Users/hiroakioshima/opt/anaconda3/envs/covid_airflow/lib/python3.8/site-packages/airflow/utils/helpers.py:436: DeprecationWarning: Importing 'PythonOperator' directly from 'airflow.operators' has been deprecated. Please import from 'airflow.operators.[operator_module]' instead. Support for direct imports will be dropped entirely in Airflow 2.0.
  warnings.warn(
[2021-01-23 05:32:36,769] {scheduler_job.py:1584} INFO - DAG(s) dict_keys(['covid_warehouse_dag']) retrieved from /Users/hiroakioshima/Desktop/airflow_covid/airflow/dags/covid_dag.py
[2021-01-23 05:32:36,793] {scheduler_job.py:162} INFO - Processing /Users/hiroakioshima/Desktop/airflow_covid/airflow/dags/covid_dag.py took 0.075 seconds
[2021-01-23 08:27:55,635] {scheduler_job.py:154} INFO - Started process (PID=88039) to work on /Users/hiroakioshima/Desktop/airflow_covid/airflow/dags/covid_dag.py
[2021-01-23 08:27:55,675] {logging_mixin.py:112} INFO - [2021-01-23 08:27:55,675] {__init__.py:50} INFO - Using executor SequentialExecutor
[2021-01-23 08:27:55,677] {scheduler_job.py:1572} INFO - Processing file /Users/hiroakioshima/Desktop/airflow_covid/airflow/dags/covid_dag.py for tasks to queue
[2021-01-23 08:27:55,677] {logging_mixin.py:112} INFO - [2021-01-23 08:27:55,677] {dagbag.py:417} INFO - Filling up the DagBag from /Users/hiroakioshima/Desktop/airflow_covid/airflow/dags/covid_dag.py
[2021-01-23 08:27:55,681] {logging_mixin.py:112} WARNING - /Users/hiroakioshima/opt/anaconda3/envs/covid_airflow/lib/python3.8/site-packages/airflow/utils/helpers.py:436: DeprecationWarning: Importing 'PythonOperator' directly from 'airflow.operators' has been deprecated. Please import from 'airflow.operators.[operator_module]' instead. Support for direct imports will be dropped entirely in Airflow 2.0.
  warnings.warn(
[2021-01-23 08:27:55,688] {scheduler_job.py:1584} INFO - DAG(s) dict_keys(['covid_warehouse_dag']) retrieved from /Users/hiroakioshima/Desktop/airflow_covid/airflow/dags/covid_dag.py
[2021-01-23 08:27:55,712] {scheduler_job.py:162} INFO - Processing /Users/hiroakioshima/Desktop/airflow_covid/airflow/dags/covid_dag.py took 0.077 seconds
[2021-01-23 12:03:47,502] {scheduler_job.py:154} INFO - Started process (PID=88108) to work on /Users/hiroakioshima/Desktop/airflow_covid/airflow/dags/covid_dag.py
[2021-01-23 12:03:47,545] {logging_mixin.py:112} INFO - [2021-01-23 12:03:47,544] {__init__.py:50} INFO - Using executor SequentialExecutor
[2021-01-23 12:03:47,546] {scheduler_job.py:1572} INFO - Processing file /Users/hiroakioshima/Desktop/airflow_covid/airflow/dags/covid_dag.py for tasks to queue
[2021-01-23 12:03:47,547] {logging_mixin.py:112} INFO - [2021-01-23 12:03:47,546] {dagbag.py:417} INFO - Filling up the DagBag from /Users/hiroakioshima/Desktop/airflow_covid/airflow/dags/covid_dag.py
[2021-01-23 12:03:47,551] {logging_mixin.py:112} WARNING - /Users/hiroakioshima/opt/anaconda3/envs/covid_airflow/lib/python3.8/site-packages/airflow/utils/helpers.py:436: DeprecationWarning: Importing 'PythonOperator' directly from 'airflow.operators' has been deprecated. Please import from 'airflow.operators.[operator_module]' instead. Support for direct imports will be dropped entirely in Airflow 2.0.
  warnings.warn(
[2021-01-23 12:03:47,558] {scheduler_job.py:1584} INFO - DAG(s) dict_keys(['covid_warehouse_dag']) retrieved from /Users/hiroakioshima/Desktop/airflow_covid/airflow/dags/covid_dag.py
[2021-01-23 12:03:47,581] {scheduler_job.py:162} INFO - Processing /Users/hiroakioshima/Desktop/airflow_covid/airflow/dags/covid_dag.py took 0.079 seconds
[2021-01-23 13:52:30,803] {scheduler_job.py:154} INFO - Started process (PID=88184) to work on /Users/hiroakioshima/Desktop/airflow_covid/airflow/dags/covid_dag.py
[2021-01-23 13:52:30,840] {logging_mixin.py:112} INFO - [2021-01-23 13:52:30,840] {__init__.py:50} INFO - Using executor SequentialExecutor
[2021-01-23 13:52:30,842] {scheduler_job.py:1572} INFO - Processing file /Users/hiroakioshima/Desktop/airflow_covid/airflow/dags/covid_dag.py for tasks to queue
[2021-01-23 13:52:30,842] {logging_mixin.py:112} INFO - [2021-01-23 13:52:30,842] {dagbag.py:417} INFO - Filling up the DagBag from /Users/hiroakioshima/Desktop/airflow_covid/airflow/dags/covid_dag.py
[2021-01-23 13:52:30,846] {logging_mixin.py:112} WARNING - /Users/hiroakioshima/opt/anaconda3/envs/covid_airflow/lib/python3.8/site-packages/airflow/utils/helpers.py:436: DeprecationWarning: Importing 'PythonOperator' directly from 'airflow.operators' has been deprecated. Please import from 'airflow.operators.[operator_module]' instead. Support for direct imports will be dropped entirely in Airflow 2.0.
  warnings.warn(
[2021-01-23 13:52:30,853] {scheduler_job.py:1584} INFO - DAG(s) dict_keys(['covid_warehouse_dag']) retrieved from /Users/hiroakioshima/Desktop/airflow_covid/airflow/dags/covid_dag.py
[2021-01-23 13:52:30,877] {scheduler_job.py:162} INFO - Processing /Users/hiroakioshima/Desktop/airflow_covid/airflow/dags/covid_dag.py took 0.074 seconds
[2021-01-23 15:25:23,597] {scheduler_job.py:154} INFO - Started process (PID=88319) to work on /Users/hiroakioshima/Desktop/airflow_covid/airflow/dags/covid_dag.py
[2021-01-23 15:25:23,703] {logging_mixin.py:112} INFO - [2021-01-23 15:25:23,702] {__init__.py:50} INFO - Using executor SequentialExecutor
[2021-01-23 15:25:23,706] {scheduler_job.py:1572} INFO - Processing file /Users/hiroakioshima/Desktop/airflow_covid/airflow/dags/covid_dag.py for tasks to queue
[2021-01-23 15:25:23,706] {logging_mixin.py:112} INFO - [2021-01-23 15:25:23,706] {dagbag.py:417} INFO - Filling up the DagBag from /Users/hiroakioshima/Desktop/airflow_covid/airflow/dags/covid_dag.py
[2021-01-23 15:25:23,715] {logging_mixin.py:112} WARNING - /Users/hiroakioshima/opt/anaconda3/envs/covid_airflow/lib/python3.8/site-packages/airflow/utils/helpers.py:436: DeprecationWarning: Importing 'PythonOperator' directly from 'airflow.operators' has been deprecated. Please import from 'airflow.operators.[operator_module]' instead. Support for direct imports will be dropped entirely in Airflow 2.0.
  warnings.warn(
[2021-01-23 15:25:23,726] {scheduler_job.py:1584} INFO - DAG(s) dict_keys(['covid_warehouse_dag']) retrieved from /Users/hiroakioshima/Desktop/airflow_covid/airflow/dags/covid_dag.py
[2021-01-23 15:25:23,816] {scheduler_job.py:162} INFO - Processing /Users/hiroakioshima/Desktop/airflow_covid/airflow/dags/covid_dag.py took 0.219 seconds
