[2021-01-31 16:31:16,181] {scheduler_job.py:154} INFO - Started process (PID=29057) to work on /Users/hiroakioshima/Desktop/airflow_covid/airflow/dags/covid_dag.py
[2021-01-31 16:31:16,226] {logging_mixin.py:112} INFO - [2021-01-31 16:31:16,225] {__init__.py:50} INFO - Using executor SequentialExecutor
[2021-01-31 16:31:16,227] {scheduler_job.py:1572} INFO - Processing file /Users/hiroakioshima/Desktop/airflow_covid/airflow/dags/covid_dag.py for tasks to queue
[2021-01-31 16:31:16,227] {logging_mixin.py:112} INFO - [2021-01-31 16:31:16,227] {dagbag.py:417} INFO - Filling up the DagBag from /Users/hiroakioshima/Desktop/airflow_covid/airflow/dags/covid_dag.py
[2021-01-31 16:31:16,238] {logging_mixin.py:112} WARNING - /Users/hiroakioshima/opt/anaconda3/envs/covid_airflow/lib/python3.8/site-packages/airflow/utils/helpers.py:436: DeprecationWarning: Importing 'PythonOperator' directly from 'airflow.operators' has been deprecated. Please import from 'airflow.operators.[operator_module]' instead. Support for direct imports will be dropped entirely in Airflow 2.0.
  warnings.warn(
[2021-01-31 16:31:16,250] {scheduler_job.py:1584} INFO - DAG(s) dict_keys(['covid_warehouse_dag']) retrieved from /Users/hiroakioshima/Desktop/airflow_covid/airflow/dags/covid_dag.py
[2021-01-31 16:31:16,277] {scheduler_job.py:162} INFO - Processing /Users/hiroakioshima/Desktop/airflow_covid/airflow/dags/covid_dag.py took 0.096 seconds
[2021-01-31 16:32:50,958] {scheduler_job.py:154} INFO - Started process (PID=29132) to work on /Users/hiroakioshima/Desktop/airflow_covid/airflow/dags/covid_dag.py
[2021-01-31 16:32:51,005] {logging_mixin.py:112} INFO - [2021-01-31 16:32:51,004] {__init__.py:50} INFO - Using executor SequentialExecutor
[2021-01-31 16:32:51,006] {scheduler_job.py:1572} INFO - Processing file /Users/hiroakioshima/Desktop/airflow_covid/airflow/dags/covid_dag.py for tasks to queue
[2021-01-31 16:32:51,007] {logging_mixin.py:112} INFO - [2021-01-31 16:32:51,007] {dagbag.py:417} INFO - Filling up the DagBag from /Users/hiroakioshima/Desktop/airflow_covid/airflow/dags/covid_dag.py
[2021-01-31 16:32:51,016] {logging_mixin.py:112} WARNING - /Users/hiroakioshima/opt/anaconda3/envs/covid_airflow/lib/python3.8/site-packages/airflow/utils/helpers.py:436: DeprecationWarning: Importing 'PythonOperator' directly from 'airflow.operators' has been deprecated. Please import from 'airflow.operators.[operator_module]' instead. Support for direct imports will be dropped entirely in Airflow 2.0.
  warnings.warn(
[2021-01-31 16:32:51,028] {scheduler_job.py:1584} INFO - DAG(s) dict_keys(['covid_warehouse_dag']) retrieved from /Users/hiroakioshima/Desktop/airflow_covid/airflow/dags/covid_dag.py
[2021-01-31 16:32:51,054] {scheduler_job.py:162} INFO - Processing /Users/hiroakioshima/Desktop/airflow_covid/airflow/dags/covid_dag.py took 0.096 seconds
[2021-01-31 16:34:07,277] {scheduler_job.py:154} INFO - Started process (PID=29196) to work on /Users/hiroakioshima/Desktop/airflow_covid/airflow/dags/covid_dag.py
[2021-01-31 16:34:07,318] {logging_mixin.py:112} INFO - [2021-01-31 16:34:07,317] {__init__.py:50} INFO - Using executor SequentialExecutor
[2021-01-31 16:34:07,319] {scheduler_job.py:1572} INFO - Processing file /Users/hiroakioshima/Desktop/airflow_covid/airflow/dags/covid_dag.py for tasks to queue
[2021-01-31 16:34:07,320] {logging_mixin.py:112} INFO - [2021-01-31 16:34:07,319] {dagbag.py:417} INFO - Filling up the DagBag from /Users/hiroakioshima/Desktop/airflow_covid/airflow/dags/covid_dag.py
[2021-01-31 16:34:07,329] {logging_mixin.py:112} WARNING - /Users/hiroakioshima/opt/anaconda3/envs/covid_airflow/lib/python3.8/site-packages/airflow/utils/helpers.py:436: DeprecationWarning: Importing 'PythonOperator' directly from 'airflow.operators' has been deprecated. Please import from 'airflow.operators.[operator_module]' instead. Support for direct imports will be dropped entirely in Airflow 2.0.
  warnings.warn(
[2021-01-31 16:34:07,343] {scheduler_job.py:1584} INFO - DAG(s) dict_keys(['covid_warehouse_dag']) retrieved from /Users/hiroakioshima/Desktop/airflow_covid/airflow/dags/covid_dag.py
[2021-01-31 16:34:07,367] {scheduler_job.py:162} INFO - Processing /Users/hiroakioshima/Desktop/airflow_covid/airflow/dags/covid_dag.py took 0.090 seconds
[2021-01-31 16:35:21,268] {scheduler_job.py:154} INFO - Started process (PID=29261) to work on /Users/hiroakioshima/Desktop/airflow_covid/airflow/dags/covid_dag.py
[2021-01-31 16:35:21,310] {logging_mixin.py:112} INFO - [2021-01-31 16:35:21,309] {__init__.py:50} INFO - Using executor SequentialExecutor
[2021-01-31 16:35:21,311] {scheduler_job.py:1572} INFO - Processing file /Users/hiroakioshima/Desktop/airflow_covid/airflow/dags/covid_dag.py for tasks to queue
[2021-01-31 16:35:21,311] {logging_mixin.py:112} INFO - [2021-01-31 16:35:21,311] {dagbag.py:417} INFO - Filling up the DagBag from /Users/hiroakioshima/Desktop/airflow_covid/airflow/dags/covid_dag.py
[2021-01-31 16:35:21,320] {logging_mixin.py:112} WARNING - /Users/hiroakioshima/opt/anaconda3/envs/covid_airflow/lib/python3.8/site-packages/airflow/utils/helpers.py:436: DeprecationWarning: Importing 'PythonOperator' directly from 'airflow.operators' has been deprecated. Please import from 'airflow.operators.[operator_module]' instead. Support for direct imports will be dropped entirely in Airflow 2.0.
  warnings.warn(
[2021-01-31 16:35:21,330] {scheduler_job.py:1584} INFO - DAG(s) dict_keys(['covid_warehouse_dag']) retrieved from /Users/hiroakioshima/Desktop/airflow_covid/airflow/dags/covid_dag.py
[2021-01-31 16:35:21,354] {scheduler_job.py:162} INFO - Processing /Users/hiroakioshima/Desktop/airflow_covid/airflow/dags/covid_dag.py took 0.086 seconds
[2021-01-31 16:36:34,952] {scheduler_job.py:154} INFO - Started process (PID=29332) to work on /Users/hiroakioshima/Desktop/airflow_covid/airflow/dags/covid_dag.py
[2021-01-31 16:36:35,048] {logging_mixin.py:112} INFO - [2021-01-31 16:36:35,048] {__init__.py:50} INFO - Using executor SequentialExecutor
[2021-01-31 16:36:35,050] {scheduler_job.py:1572} INFO - Processing file /Users/hiroakioshima/Desktop/airflow_covid/airflow/dags/covid_dag.py for tasks to queue
[2021-01-31 16:36:35,050] {logging_mixin.py:112} INFO - [2021-01-31 16:36:35,050] {dagbag.py:417} INFO - Filling up the DagBag from /Users/hiroakioshima/Desktop/airflow_covid/airflow/dags/covid_dag.py
[2021-01-31 16:36:35,059] {logging_mixin.py:112} WARNING - /Users/hiroakioshima/opt/anaconda3/envs/covid_airflow/lib/python3.8/site-packages/airflow/utils/helpers.py:436: DeprecationWarning: Importing 'PythonOperator' directly from 'airflow.operators' has been deprecated. Please import from 'airflow.operators.[operator_module]' instead. Support for direct imports will be dropped entirely in Airflow 2.0.
  warnings.warn(
[2021-01-31 16:36:35,073] {scheduler_job.py:1584} INFO - DAG(s) dict_keys(['covid_warehouse_dag']) retrieved from /Users/hiroakioshima/Desktop/airflow_covid/airflow/dags/covid_dag.py
[2021-01-31 16:36:35,104] {scheduler_job.py:162} INFO - Processing /Users/hiroakioshima/Desktop/airflow_covid/airflow/dags/covid_dag.py took 0.153 seconds
[2021-01-31 16:37:48,301] {scheduler_job.py:154} INFO - Started process (PID=29395) to work on /Users/hiroakioshima/Desktop/airflow_covid/airflow/dags/covid_dag.py
[2021-01-31 16:37:48,343] {logging_mixin.py:112} INFO - [2021-01-31 16:37:48,343] {__init__.py:50} INFO - Using executor SequentialExecutor
[2021-01-31 16:37:48,344] {scheduler_job.py:1572} INFO - Processing file /Users/hiroakioshima/Desktop/airflow_covid/airflow/dags/covid_dag.py for tasks to queue
[2021-01-31 16:37:48,345] {logging_mixin.py:112} INFO - [2021-01-31 16:37:48,345] {dagbag.py:417} INFO - Filling up the DagBag from /Users/hiroakioshima/Desktop/airflow_covid/airflow/dags/covid_dag.py
[2021-01-31 16:37:48,352] {logging_mixin.py:112} WARNING - /Users/hiroakioshima/opt/anaconda3/envs/covid_airflow/lib/python3.8/site-packages/airflow/utils/helpers.py:436: DeprecationWarning: Importing 'PythonOperator' directly from 'airflow.operators' has been deprecated. Please import from 'airflow.operators.[operator_module]' instead. Support for direct imports will be dropped entirely in Airflow 2.0.
  warnings.warn(
[2021-01-31 16:37:48,363] {scheduler_job.py:1584} INFO - DAG(s) dict_keys(['covid_warehouse_dag']) retrieved from /Users/hiroakioshima/Desktop/airflow_covid/airflow/dags/covid_dag.py
[2021-01-31 16:37:48,388] {scheduler_job.py:162} INFO - Processing /Users/hiroakioshima/Desktop/airflow_covid/airflow/dags/covid_dag.py took 0.086 seconds
[2021-01-31 16:39:15,146] {scheduler_job.py:154} INFO - Started process (PID=29475) to work on /Users/hiroakioshima/Desktop/airflow_covid/airflow/dags/covid_dag.py
[2021-01-31 16:39:15,200] {logging_mixin.py:112} INFO - [2021-01-31 16:39:15,200] {__init__.py:50} INFO - Using executor SequentialExecutor
[2021-01-31 16:39:15,202] {scheduler_job.py:1572} INFO - Processing file /Users/hiroakioshima/Desktop/airflow_covid/airflow/dags/covid_dag.py for tasks to queue
[2021-01-31 16:39:15,202] {logging_mixin.py:112} INFO - [2021-01-31 16:39:15,202] {dagbag.py:417} INFO - Filling up the DagBag from /Users/hiroakioshima/Desktop/airflow_covid/airflow/dags/covid_dag.py
[2021-01-31 16:39:15,213] {logging_mixin.py:112} WARNING - /Users/hiroakioshima/opt/anaconda3/envs/covid_airflow/lib/python3.8/site-packages/airflow/utils/helpers.py:436: DeprecationWarning: Importing 'PythonOperator' directly from 'airflow.operators' has been deprecated. Please import from 'airflow.operators.[operator_module]' instead. Support for direct imports will be dropped entirely in Airflow 2.0.
  warnings.warn(
[2021-01-31 16:39:15,229] {scheduler_job.py:1584} INFO - DAG(s) dict_keys(['covid_warehouse_dag']) retrieved from /Users/hiroakioshima/Desktop/airflow_covid/airflow/dags/covid_dag.py
[2021-01-31 16:39:15,258] {scheduler_job.py:162} INFO - Processing /Users/hiroakioshima/Desktop/airflow_covid/airflow/dags/covid_dag.py took 0.112 seconds
[2021-01-31 16:40:42,603] {scheduler_job.py:154} INFO - Started process (PID=29544) to work on /Users/hiroakioshima/Desktop/airflow_covid/airflow/dags/covid_dag.py
[2021-01-31 16:40:42,654] {logging_mixin.py:112} INFO - [2021-01-31 16:40:42,654] {__init__.py:50} INFO - Using executor SequentialExecutor
[2021-01-31 16:40:42,656] {scheduler_job.py:1572} INFO - Processing file /Users/hiroakioshima/Desktop/airflow_covid/airflow/dags/covid_dag.py for tasks to queue
[2021-01-31 16:40:42,656] {logging_mixin.py:112} INFO - [2021-01-31 16:40:42,656] {dagbag.py:417} INFO - Filling up the DagBag from /Users/hiroakioshima/Desktop/airflow_covid/airflow/dags/covid_dag.py
[2021-01-31 16:40:42,664] {logging_mixin.py:112} WARNING - /Users/hiroakioshima/opt/anaconda3/envs/covid_airflow/lib/python3.8/site-packages/airflow/utils/helpers.py:436: DeprecationWarning: Importing 'PythonOperator' directly from 'airflow.operators' has been deprecated. Please import from 'airflow.operators.[operator_module]' instead. Support for direct imports will be dropped entirely in Airflow 2.0.
  warnings.warn(
[2021-01-31 16:40:42,675] {scheduler_job.py:1584} INFO - DAG(s) dict_keys(['covid_warehouse_dag']) retrieved from /Users/hiroakioshima/Desktop/airflow_covid/airflow/dags/covid_dag.py
[2021-01-31 16:40:42,701] {scheduler_job.py:162} INFO - Processing /Users/hiroakioshima/Desktop/airflow_covid/airflow/dags/covid_dag.py took 0.098 seconds
[2021-01-31 16:42:21,198] {scheduler_job.py:154} INFO - Started process (PID=29613) to work on /Users/hiroakioshima/Desktop/airflow_covid/airflow/dags/covid_dag.py
[2021-01-31 16:42:21,273] {logging_mixin.py:112} INFO - [2021-01-31 16:42:21,273] {__init__.py:50} INFO - Using executor SequentialExecutor
[2021-01-31 16:42:21,277] {scheduler_job.py:1572} INFO - Processing file /Users/hiroakioshima/Desktop/airflow_covid/airflow/dags/covid_dag.py for tasks to queue
[2021-01-31 16:42:21,277] {logging_mixin.py:112} INFO - [2021-01-31 16:42:21,277] {dagbag.py:417} INFO - Filling up the DagBag from /Users/hiroakioshima/Desktop/airflow_covid/airflow/dags/covid_dag.py
[2021-01-31 16:42:21,287] {logging_mixin.py:112} WARNING - /Users/hiroakioshima/opt/anaconda3/envs/covid_airflow/lib/python3.8/site-packages/airflow/utils/helpers.py:436: DeprecationWarning: Importing 'PythonOperator' directly from 'airflow.operators' has been deprecated. Please import from 'airflow.operators.[operator_module]' instead. Support for direct imports will be dropped entirely in Airflow 2.0.
  warnings.warn(
[2021-01-31 16:42:21,307] {scheduler_job.py:1584} INFO - DAG(s) dict_keys(['covid_warehouse_dag']) retrieved from /Users/hiroakioshima/Desktop/airflow_covid/airflow/dags/covid_dag.py
[2021-01-31 16:42:21,348] {scheduler_job.py:162} INFO - Processing /Users/hiroakioshima/Desktop/airflow_covid/airflow/dags/covid_dag.py took 0.150 seconds
[2021-01-31 16:43:49,915] {scheduler_job.py:154} INFO - Started process (PID=29696) to work on /Users/hiroakioshima/Desktop/airflow_covid/airflow/dags/covid_dag.py
[2021-01-31 16:43:49,954] {logging_mixin.py:112} INFO - [2021-01-31 16:43:49,954] {__init__.py:50} INFO - Using executor SequentialExecutor
[2021-01-31 16:43:49,955] {scheduler_job.py:1572} INFO - Processing file /Users/hiroakioshima/Desktop/airflow_covid/airflow/dags/covid_dag.py for tasks to queue
[2021-01-31 16:43:49,956] {logging_mixin.py:112} INFO - [2021-01-31 16:43:49,956] {dagbag.py:417} INFO - Filling up the DagBag from /Users/hiroakioshima/Desktop/airflow_covid/airflow/dags/covid_dag.py
[2021-01-31 16:43:49,960] {logging_mixin.py:112} WARNING - /Users/hiroakioshima/opt/anaconda3/envs/covid_airflow/lib/python3.8/site-packages/airflow/utils/helpers.py:436: DeprecationWarning: Importing 'PythonOperator' directly from 'airflow.operators' has been deprecated. Please import from 'airflow.operators.[operator_module]' instead. Support for direct imports will be dropped entirely in Airflow 2.0.
  warnings.warn(
[2021-01-31 16:43:49,969] {scheduler_job.py:1584} INFO - DAG(s) dict_keys(['covid_warehouse_dag']) retrieved from /Users/hiroakioshima/Desktop/airflow_covid/airflow/dags/covid_dag.py
[2021-01-31 16:43:49,993] {scheduler_job.py:162} INFO - Processing /Users/hiroakioshima/Desktop/airflow_covid/airflow/dags/covid_dag.py took 0.078 seconds
[2021-01-31 16:46:52,282] {scheduler_job.py:154} INFO - Started process (PID=29771) to work on /Users/hiroakioshima/Desktop/airflow_covid/airflow/dags/covid_dag.py
[2021-01-31 16:46:52,325] {logging_mixin.py:112} INFO - [2021-01-31 16:46:52,324] {__init__.py:50} INFO - Using executor SequentialExecutor
[2021-01-31 16:46:52,326] {scheduler_job.py:1572} INFO - Processing file /Users/hiroakioshima/Desktop/airflow_covid/airflow/dags/covid_dag.py for tasks to queue
[2021-01-31 16:46:52,326] {logging_mixin.py:112} INFO - [2021-01-31 16:46:52,326] {dagbag.py:417} INFO - Filling up the DagBag from /Users/hiroakioshima/Desktop/airflow_covid/airflow/dags/covid_dag.py
[2021-01-31 16:46:52,335] {logging_mixin.py:112} WARNING - /Users/hiroakioshima/opt/anaconda3/envs/covid_airflow/lib/python3.8/site-packages/airflow/utils/helpers.py:436: DeprecationWarning: Importing 'PythonOperator' directly from 'airflow.operators' has been deprecated. Please import from 'airflow.operators.[operator_module]' instead. Support for direct imports will be dropped entirely in Airflow 2.0.
  warnings.warn(
[2021-01-31 16:46:52,349] {scheduler_job.py:1584} INFO - DAG(s) dict_keys(['covid_warehouse_dag']) retrieved from /Users/hiroakioshima/Desktop/airflow_covid/airflow/dags/covid_dag.py
[2021-01-31 16:46:52,373] {scheduler_job.py:162} INFO - Processing /Users/hiroakioshima/Desktop/airflow_covid/airflow/dags/covid_dag.py took 0.090 seconds
[2021-01-31 16:49:34,056] {scheduler_job.py:154} INFO - Started process (PID=29848) to work on /Users/hiroakioshima/Desktop/airflow_covid/airflow/dags/covid_dag.py
[2021-01-31 16:49:34,100] {logging_mixin.py:112} INFO - [2021-01-31 16:49:34,100] {__init__.py:50} INFO - Using executor SequentialExecutor
[2021-01-31 16:49:34,102] {scheduler_job.py:1572} INFO - Processing file /Users/hiroakioshima/Desktop/airflow_covid/airflow/dags/covid_dag.py for tasks to queue
[2021-01-31 16:49:34,102] {logging_mixin.py:112} INFO - [2021-01-31 16:49:34,102] {dagbag.py:417} INFO - Filling up the DagBag from /Users/hiroakioshima/Desktop/airflow_covid/airflow/dags/covid_dag.py
[2021-01-31 16:49:34,109] {logging_mixin.py:112} WARNING - /Users/hiroakioshima/opt/anaconda3/envs/covid_airflow/lib/python3.8/site-packages/airflow/utils/helpers.py:436: DeprecationWarning: Importing 'PythonOperator' directly from 'airflow.operators' has been deprecated. Please import from 'airflow.operators.[operator_module]' instead. Support for direct imports will be dropped entirely in Airflow 2.0.
  warnings.warn(
[2021-01-31 16:49:34,119] {scheduler_job.py:1584} INFO - DAG(s) dict_keys(['covid_warehouse_dag']) retrieved from /Users/hiroakioshima/Desktop/airflow_covid/airflow/dags/covid_dag.py
[2021-01-31 16:49:34,143] {scheduler_job.py:162} INFO - Processing /Users/hiroakioshima/Desktop/airflow_covid/airflow/dags/covid_dag.py took 0.087 seconds
[2021-01-31 17:17:51,935] {scheduler_job.py:154} INFO - Started process (PID=29930) to work on /Users/hiroakioshima/Desktop/airflow_covid/airflow/dags/covid_dag.py
[2021-01-31 17:17:51,975] {logging_mixin.py:112} INFO - [2021-01-31 17:17:51,975] {__init__.py:50} INFO - Using executor SequentialExecutor
[2021-01-31 17:17:51,977] {scheduler_job.py:1572} INFO - Processing file /Users/hiroakioshima/Desktop/airflow_covid/airflow/dags/covid_dag.py for tasks to queue
[2021-01-31 17:17:51,977] {logging_mixin.py:112} INFO - [2021-01-31 17:17:51,977] {dagbag.py:417} INFO - Filling up the DagBag from /Users/hiroakioshima/Desktop/airflow_covid/airflow/dags/covid_dag.py
[2021-01-31 17:17:51,981] {logging_mixin.py:112} WARNING - /Users/hiroakioshima/opt/anaconda3/envs/covid_airflow/lib/python3.8/site-packages/airflow/utils/helpers.py:436: DeprecationWarning: Importing 'PythonOperator' directly from 'airflow.operators' has been deprecated. Please import from 'airflow.operators.[operator_module]' instead. Support for direct imports will be dropped entirely in Airflow 2.0.
  warnings.warn(
[2021-01-31 17:17:51,990] {scheduler_job.py:1584} INFO - DAG(s) dict_keys(['covid_warehouse_dag']) retrieved from /Users/hiroakioshima/Desktop/airflow_covid/airflow/dags/covid_dag.py
[2021-01-31 17:17:52,013] {scheduler_job.py:162} INFO - Processing /Users/hiroakioshima/Desktop/airflow_covid/airflow/dags/covid_dag.py took 0.078 seconds
[2021-01-31 17:19:18,579] {scheduler_job.py:154} INFO - Started process (PID=30008) to work on /Users/hiroakioshima/Desktop/airflow_covid/airflow/dags/covid_dag.py
[2021-01-31 17:19:18,620] {logging_mixin.py:112} INFO - [2021-01-31 17:19:18,620] {__init__.py:50} INFO - Using executor SequentialExecutor
[2021-01-31 17:19:18,621] {scheduler_job.py:1572} INFO - Processing file /Users/hiroakioshima/Desktop/airflow_covid/airflow/dags/covid_dag.py for tasks to queue
[2021-01-31 17:19:18,622] {logging_mixin.py:112} INFO - [2021-01-31 17:19:18,622] {dagbag.py:417} INFO - Filling up the DagBag from /Users/hiroakioshima/Desktop/airflow_covid/airflow/dags/covid_dag.py
[2021-01-31 17:19:18,629] {logging_mixin.py:112} WARNING - /Users/hiroakioshima/opt/anaconda3/envs/covid_airflow/lib/python3.8/site-packages/airflow/utils/helpers.py:436: DeprecationWarning: Importing 'PythonOperator' directly from 'airflow.operators' has been deprecated. Please import from 'airflow.operators.[operator_module]' instead. Support for direct imports will be dropped entirely in Airflow 2.0.
  warnings.warn(
[2021-01-31 17:19:18,639] {scheduler_job.py:1584} INFO - DAG(s) dict_keys(['covid_warehouse_dag']) retrieved from /Users/hiroakioshima/Desktop/airflow_covid/airflow/dags/covid_dag.py
[2021-01-31 17:19:18,662] {scheduler_job.py:162} INFO - Processing /Users/hiroakioshima/Desktop/airflow_covid/airflow/dags/covid_dag.py took 0.082 seconds
[2021-01-31 17:59:31,205] {scheduler_job.py:154} INFO - Started process (PID=30098) to work on /Users/hiroakioshima/Desktop/airflow_covid/airflow/dags/covid_dag.py
[2021-01-31 17:59:31,244] {logging_mixin.py:112} INFO - [2021-01-31 17:59:31,244] {__init__.py:50} INFO - Using executor SequentialExecutor
[2021-01-31 17:59:31,245] {scheduler_job.py:1572} INFO - Processing file /Users/hiroakioshima/Desktop/airflow_covid/airflow/dags/covid_dag.py for tasks to queue
[2021-01-31 17:59:31,246] {logging_mixin.py:112} INFO - [2021-01-31 17:59:31,245] {dagbag.py:417} INFO - Filling up the DagBag from /Users/hiroakioshima/Desktop/airflow_covid/airflow/dags/covid_dag.py
[2021-01-31 17:59:31,250] {logging_mixin.py:112} WARNING - /Users/hiroakioshima/opt/anaconda3/envs/covid_airflow/lib/python3.8/site-packages/airflow/utils/helpers.py:436: DeprecationWarning: Importing 'PythonOperator' directly from 'airflow.operators' has been deprecated. Please import from 'airflow.operators.[operator_module]' instead. Support for direct imports will be dropped entirely in Airflow 2.0.
  warnings.warn(
[2021-01-31 17:59:31,259] {scheduler_job.py:1584} INFO - DAG(s) dict_keys(['covid_warehouse_dag']) retrieved from /Users/hiroakioshima/Desktop/airflow_covid/airflow/dags/covid_dag.py
[2021-01-31 17:59:31,283] {scheduler_job.py:162} INFO - Processing /Users/hiroakioshima/Desktop/airflow_covid/airflow/dags/covid_dag.py took 0.077 seconds
[2021-01-31 18:06:28,285] {scheduler_job.py:154} INFO - Started process (PID=30174) to work on /Users/hiroakioshima/Desktop/airflow_covid/airflow/dags/covid_dag.py
[2021-01-31 18:06:28,326] {logging_mixin.py:112} INFO - [2021-01-31 18:06:28,325] {__init__.py:50} INFO - Using executor SequentialExecutor
[2021-01-31 18:06:28,327] {scheduler_job.py:1572} INFO - Processing file /Users/hiroakioshima/Desktop/airflow_covid/airflow/dags/covid_dag.py for tasks to queue
[2021-01-31 18:06:28,327] {logging_mixin.py:112} INFO - [2021-01-31 18:06:28,327] {dagbag.py:417} INFO - Filling up the DagBag from /Users/hiroakioshima/Desktop/airflow_covid/airflow/dags/covid_dag.py
[2021-01-31 18:06:28,331] {logging_mixin.py:112} WARNING - /Users/hiroakioshima/opt/anaconda3/envs/covid_airflow/lib/python3.8/site-packages/airflow/utils/helpers.py:436: DeprecationWarning: Importing 'PythonOperator' directly from 'airflow.operators' has been deprecated. Please import from 'airflow.operators.[operator_module]' instead. Support for direct imports will be dropped entirely in Airflow 2.0.
  warnings.warn(
[2021-01-31 18:06:28,342] {scheduler_job.py:1584} INFO - DAG(s) dict_keys(['covid_warehouse_dag']) retrieved from /Users/hiroakioshima/Desktop/airflow_covid/airflow/dags/covid_dag.py
[2021-01-31 18:06:28,366] {scheduler_job.py:162} INFO - Processing /Users/hiroakioshima/Desktop/airflow_covid/airflow/dags/covid_dag.py took 0.081 seconds
[2021-01-31 18:20:34,304] {scheduler_job.py:154} INFO - Started process (PID=30250) to work on /Users/hiroakioshima/Desktop/airflow_covid/airflow/dags/covid_dag.py
[2021-01-31 18:20:34,344] {logging_mixin.py:112} INFO - [2021-01-31 18:20:34,344] {__init__.py:50} INFO - Using executor SequentialExecutor
[2021-01-31 18:20:34,347] {scheduler_job.py:1572} INFO - Processing file /Users/hiroakioshima/Desktop/airflow_covid/airflow/dags/covid_dag.py for tasks to queue
[2021-01-31 18:20:34,348] {logging_mixin.py:112} INFO - [2021-01-31 18:20:34,348] {dagbag.py:417} INFO - Filling up the DagBag from /Users/hiroakioshima/Desktop/airflow_covid/airflow/dags/covid_dag.py
[2021-01-31 18:20:34,352] {logging_mixin.py:112} WARNING - /Users/hiroakioshima/opt/anaconda3/envs/covid_airflow/lib/python3.8/site-packages/airflow/utils/helpers.py:436: DeprecationWarning: Importing 'PythonOperator' directly from 'airflow.operators' has been deprecated. Please import from 'airflow.operators.[operator_module]' instead. Support for direct imports will be dropped entirely in Airflow 2.0.
  warnings.warn(
[2021-01-31 18:20:34,362] {scheduler_job.py:1584} INFO - DAG(s) dict_keys(['covid_warehouse_dag']) retrieved from /Users/hiroakioshima/Desktop/airflow_covid/airflow/dags/covid_dag.py
[2021-01-31 18:20:34,386] {scheduler_job.py:162} INFO - Processing /Users/hiroakioshima/Desktop/airflow_covid/airflow/dags/covid_dag.py took 0.081 seconds
[2021-01-31 18:28:55,186] {scheduler_job.py:154} INFO - Started process (PID=30334) to work on /Users/hiroakioshima/Desktop/airflow_covid/airflow/dags/covid_dag.py
[2021-01-31 18:28:55,237] {logging_mixin.py:112} INFO - [2021-01-31 18:28:55,237] {__init__.py:50} INFO - Using executor SequentialExecutor
[2021-01-31 18:28:55,239] {scheduler_job.py:1572} INFO - Processing file /Users/hiroakioshima/Desktop/airflow_covid/airflow/dags/covid_dag.py for tasks to queue
[2021-01-31 18:28:55,240] {logging_mixin.py:112} INFO - [2021-01-31 18:28:55,239] {dagbag.py:417} INFO - Filling up the DagBag from /Users/hiroakioshima/Desktop/airflow_covid/airflow/dags/covid_dag.py
[2021-01-31 18:28:55,245] {logging_mixin.py:112} WARNING - /Users/hiroakioshima/opt/anaconda3/envs/covid_airflow/lib/python3.8/site-packages/airflow/utils/helpers.py:436: DeprecationWarning: Importing 'PythonOperator' directly from 'airflow.operators' has been deprecated. Please import from 'airflow.operators.[operator_module]' instead. Support for direct imports will be dropped entirely in Airflow 2.0.
  warnings.warn(
[2021-01-31 18:28:55,255] {scheduler_job.py:1584} INFO - DAG(s) dict_keys(['covid_warehouse_dag']) retrieved from /Users/hiroakioshima/Desktop/airflow_covid/airflow/dags/covid_dag.py
[2021-01-31 18:28:55,282] {scheduler_job.py:162} INFO - Processing /Users/hiroakioshima/Desktop/airflow_covid/airflow/dags/covid_dag.py took 0.096 seconds
[2021-01-31 18:40:20,611] {scheduler_job.py:154} INFO - Started process (PID=30423) to work on /Users/hiroakioshima/Desktop/airflow_covid/airflow/dags/covid_dag.py
[2021-01-31 18:40:20,655] {logging_mixin.py:112} INFO - [2021-01-31 18:40:20,654] {__init__.py:50} INFO - Using executor SequentialExecutor
[2021-01-31 18:40:20,656] {scheduler_job.py:1572} INFO - Processing file /Users/hiroakioshima/Desktop/airflow_covid/airflow/dags/covid_dag.py for tasks to queue
[2021-01-31 18:40:20,656] {logging_mixin.py:112} INFO - [2021-01-31 18:40:20,656] {dagbag.py:417} INFO - Filling up the DagBag from /Users/hiroakioshima/Desktop/airflow_covid/airflow/dags/covid_dag.py
[2021-01-31 18:40:20,661] {logging_mixin.py:112} WARNING - /Users/hiroakioshima/opt/anaconda3/envs/covid_airflow/lib/python3.8/site-packages/airflow/utils/helpers.py:436: DeprecationWarning: Importing 'PythonOperator' directly from 'airflow.operators' has been deprecated. Please import from 'airflow.operators.[operator_module]' instead. Support for direct imports will be dropped entirely in Airflow 2.0.
  warnings.warn(
[2021-01-31 18:40:20,670] {scheduler_job.py:1584} INFO - DAG(s) dict_keys(['covid_warehouse_dag']) retrieved from /Users/hiroakioshima/Desktop/airflow_covid/airflow/dags/covid_dag.py
[2021-01-31 18:40:20,693] {scheduler_job.py:162} INFO - Processing /Users/hiroakioshima/Desktop/airflow_covid/airflow/dags/covid_dag.py took 0.081 seconds
[2021-01-31 19:47:00,052] {scheduler_job.py:154} INFO - Started process (PID=30506) to work on /Users/hiroakioshima/Desktop/airflow_covid/airflow/dags/covid_dag.py
[2021-01-31 19:47:00,091] {logging_mixin.py:112} INFO - [2021-01-31 19:47:00,091] {__init__.py:50} INFO - Using executor SequentialExecutor
[2021-01-31 19:47:00,093] {scheduler_job.py:1572} INFO - Processing file /Users/hiroakioshima/Desktop/airflow_covid/airflow/dags/covid_dag.py for tasks to queue
[2021-01-31 19:47:00,093] {logging_mixin.py:112} INFO - [2021-01-31 19:47:00,093] {dagbag.py:417} INFO - Filling up the DagBag from /Users/hiroakioshima/Desktop/airflow_covid/airflow/dags/covid_dag.py
[2021-01-31 19:47:00,098] {logging_mixin.py:112} WARNING - /Users/hiroakioshima/opt/anaconda3/envs/covid_airflow/lib/python3.8/site-packages/airflow/utils/helpers.py:436: DeprecationWarning: Importing 'PythonOperator' directly from 'airflow.operators' has been deprecated. Please import from 'airflow.operators.[operator_module]' instead. Support for direct imports will be dropped entirely in Airflow 2.0.
  warnings.warn(
[2021-01-31 19:47:00,107] {scheduler_job.py:1584} INFO - DAG(s) dict_keys(['covid_warehouse_dag']) retrieved from /Users/hiroakioshima/Desktop/airflow_covid/airflow/dags/covid_dag.py
[2021-01-31 19:47:00,131] {scheduler_job.py:162} INFO - Processing /Users/hiroakioshima/Desktop/airflow_covid/airflow/dags/covid_dag.py took 0.079 seconds
[2021-01-31 21:35:52,756] {scheduler_job.py:154} INFO - Started process (PID=30586) to work on /Users/hiroakioshima/Desktop/airflow_covid/airflow/dags/covid_dag.py
[2021-01-31 21:35:52,798] {logging_mixin.py:112} INFO - [2021-01-31 21:35:52,798] {__init__.py:50} INFO - Using executor SequentialExecutor
[2021-01-31 21:35:52,799] {scheduler_job.py:1572} INFO - Processing file /Users/hiroakioshima/Desktop/airflow_covid/airflow/dags/covid_dag.py for tasks to queue
[2021-01-31 21:35:52,800] {logging_mixin.py:112} INFO - [2021-01-31 21:35:52,799] {dagbag.py:417} INFO - Filling up the DagBag from /Users/hiroakioshima/Desktop/airflow_covid/airflow/dags/covid_dag.py
[2021-01-31 21:35:52,804] {logging_mixin.py:112} WARNING - /Users/hiroakioshima/opt/anaconda3/envs/covid_airflow/lib/python3.8/site-packages/airflow/utils/helpers.py:436: DeprecationWarning: Importing 'PythonOperator' directly from 'airflow.operators' has been deprecated. Please import from 'airflow.operators.[operator_module]' instead. Support for direct imports will be dropped entirely in Airflow 2.0.
  warnings.warn(
[2021-01-31 21:35:52,814] {scheduler_job.py:1584} INFO - DAG(s) dict_keys(['covid_warehouse_dag']) retrieved from /Users/hiroakioshima/Desktop/airflow_covid/airflow/dags/covid_dag.py
[2021-01-31 21:35:52,836] {scheduler_job.py:162} INFO - Processing /Users/hiroakioshima/Desktop/airflow_covid/airflow/dags/covid_dag.py took 0.080 seconds
[2021-01-31 21:56:14,749] {scheduler_job.py:154} INFO - Started process (PID=30684) to work on /Users/hiroakioshima/Desktop/airflow_covid/airflow/dags/covid_dag.py
[2021-01-31 21:56:14,790] {logging_mixin.py:112} INFO - [2021-01-31 21:56:14,790] {__init__.py:50} INFO - Using executor SequentialExecutor
[2021-01-31 21:56:14,791] {scheduler_job.py:1572} INFO - Processing file /Users/hiroakioshima/Desktop/airflow_covid/airflow/dags/covid_dag.py for tasks to queue
[2021-01-31 21:56:14,792] {logging_mixin.py:112} INFO - [2021-01-31 21:56:14,792] {dagbag.py:417} INFO - Filling up the DagBag from /Users/hiroakioshima/Desktop/airflow_covid/airflow/dags/covid_dag.py
[2021-01-31 21:56:14,801] {logging_mixin.py:112} WARNING - /Users/hiroakioshima/opt/anaconda3/envs/covid_airflow/lib/python3.8/site-packages/airflow/utils/helpers.py:436: DeprecationWarning: Importing 'PythonOperator' directly from 'airflow.operators' has been deprecated. Please import from 'airflow.operators.[operator_module]' instead. Support for direct imports will be dropped entirely in Airflow 2.0.
  warnings.warn(
[2021-01-31 21:56:14,811] {scheduler_job.py:1584} INFO - DAG(s) dict_keys(['covid_warehouse_dag']) retrieved from /Users/hiroakioshima/Desktop/airflow_covid/airflow/dags/covid_dag.py
[2021-01-31 21:56:14,835] {scheduler_job.py:162} INFO - Processing /Users/hiroakioshima/Desktop/airflow_covid/airflow/dags/covid_dag.py took 0.086 seconds
[2021-01-31 21:57:35,583] {scheduler_job.py:154} INFO - Started process (PID=30755) to work on /Users/hiroakioshima/Desktop/airflow_covid/airflow/dags/covid_dag.py
[2021-01-31 21:57:35,621] {logging_mixin.py:112} INFO - [2021-01-31 21:57:35,621] {__init__.py:50} INFO - Using executor SequentialExecutor
[2021-01-31 21:57:35,622] {scheduler_job.py:1572} INFO - Processing file /Users/hiroakioshima/Desktop/airflow_covid/airflow/dags/covid_dag.py for tasks to queue
[2021-01-31 21:57:35,623] {logging_mixin.py:112} INFO - [2021-01-31 21:57:35,623] {dagbag.py:417} INFO - Filling up the DagBag from /Users/hiroakioshima/Desktop/airflow_covid/airflow/dags/covid_dag.py
[2021-01-31 21:57:35,627] {logging_mixin.py:112} WARNING - /Users/hiroakioshima/opt/anaconda3/envs/covid_airflow/lib/python3.8/site-packages/airflow/utils/helpers.py:436: DeprecationWarning: Importing 'PythonOperator' directly from 'airflow.operators' has been deprecated. Please import from 'airflow.operators.[operator_module]' instead. Support for direct imports will be dropped entirely in Airflow 2.0.
  warnings.warn(
[2021-01-31 21:57:35,637] {scheduler_job.py:1584} INFO - DAG(s) dict_keys(['covid_warehouse_dag']) retrieved from /Users/hiroakioshima/Desktop/airflow_covid/airflow/dags/covid_dag.py
[2021-01-31 21:57:35,661] {scheduler_job.py:162} INFO - Processing /Users/hiroakioshima/Desktop/airflow_covid/airflow/dags/covid_dag.py took 0.078 seconds
[2021-01-31 21:58:47,717] {scheduler_job.py:154} INFO - Started process (PID=30818) to work on /Users/hiroakioshima/Desktop/airflow_covid/airflow/dags/covid_dag.py
[2021-01-31 21:58:47,756] {logging_mixin.py:112} INFO - [2021-01-31 21:58:47,755] {__init__.py:50} INFO - Using executor SequentialExecutor
[2021-01-31 21:58:47,757] {scheduler_job.py:1572} INFO - Processing file /Users/hiroakioshima/Desktop/airflow_covid/airflow/dags/covid_dag.py for tasks to queue
[2021-01-31 21:58:47,758] {logging_mixin.py:112} INFO - [2021-01-31 21:58:47,757] {dagbag.py:417} INFO - Filling up the DagBag from /Users/hiroakioshima/Desktop/airflow_covid/airflow/dags/covid_dag.py
[2021-01-31 21:58:47,762] {logging_mixin.py:112} WARNING - /Users/hiroakioshima/opt/anaconda3/envs/covid_airflow/lib/python3.8/site-packages/airflow/utils/helpers.py:436: DeprecationWarning: Importing 'PythonOperator' directly from 'airflow.operators' has been deprecated. Please import from 'airflow.operators.[operator_module]' instead. Support for direct imports will be dropped entirely in Airflow 2.0.
  warnings.warn(
[2021-01-31 21:58:47,771] {scheduler_job.py:1584} INFO - DAG(s) dict_keys(['covid_warehouse_dag']) retrieved from /Users/hiroakioshima/Desktop/airflow_covid/airflow/dags/covid_dag.py
[2021-01-31 21:58:47,795] {scheduler_job.py:162} INFO - Processing /Users/hiroakioshima/Desktop/airflow_covid/airflow/dags/covid_dag.py took 0.078 seconds
[2021-01-31 22:00:00,035] {scheduler_job.py:154} INFO - Started process (PID=30882) to work on /Users/hiroakioshima/Desktop/airflow_covid/airflow/dags/covid_dag.py
[2021-01-31 22:00:00,078] {logging_mixin.py:112} INFO - [2021-01-31 22:00:00,078] {__init__.py:50} INFO - Using executor SequentialExecutor
[2021-01-31 22:00:00,080] {scheduler_job.py:1572} INFO - Processing file /Users/hiroakioshima/Desktop/airflow_covid/airflow/dags/covid_dag.py for tasks to queue
[2021-01-31 22:00:00,080] {logging_mixin.py:112} INFO - [2021-01-31 22:00:00,080] {dagbag.py:417} INFO - Filling up the DagBag from /Users/hiroakioshima/Desktop/airflow_covid/airflow/dags/covid_dag.py
[2021-01-31 22:00:00,084] {logging_mixin.py:112} WARNING - /Users/hiroakioshima/opt/anaconda3/envs/covid_airflow/lib/python3.8/site-packages/airflow/utils/helpers.py:436: DeprecationWarning: Importing 'PythonOperator' directly from 'airflow.operators' has been deprecated. Please import from 'airflow.operators.[operator_module]' instead. Support for direct imports will be dropped entirely in Airflow 2.0.
  warnings.warn(
[2021-01-31 22:00:00,094] {scheduler_job.py:1584} INFO - DAG(s) dict_keys(['covid_warehouse_dag']) retrieved from /Users/hiroakioshima/Desktop/airflow_covid/airflow/dags/covid_dag.py
[2021-01-31 22:00:00,122] {scheduler_job.py:162} INFO - Processing /Users/hiroakioshima/Desktop/airflow_covid/airflow/dags/covid_dag.py took 0.087 seconds
[2021-01-31 22:01:17,580] {scheduler_job.py:154} INFO - Started process (PID=30950) to work on /Users/hiroakioshima/Desktop/airflow_covid/airflow/dags/covid_dag.py
[2021-01-31 22:01:17,626] {logging_mixin.py:112} INFO - [2021-01-31 22:01:17,626] {__init__.py:50} INFO - Using executor SequentialExecutor
[2021-01-31 22:01:17,628] {scheduler_job.py:1572} INFO - Processing file /Users/hiroakioshima/Desktop/airflow_covid/airflow/dags/covid_dag.py for tasks to queue
[2021-01-31 22:01:17,628] {logging_mixin.py:112} INFO - [2021-01-31 22:01:17,628] {dagbag.py:417} INFO - Filling up the DagBag from /Users/hiroakioshima/Desktop/airflow_covid/airflow/dags/covid_dag.py
[2021-01-31 22:01:17,633] {logging_mixin.py:112} WARNING - /Users/hiroakioshima/opt/anaconda3/envs/covid_airflow/lib/python3.8/site-packages/airflow/utils/helpers.py:436: DeprecationWarning: Importing 'PythonOperator' directly from 'airflow.operators' has been deprecated. Please import from 'airflow.operators.[operator_module]' instead. Support for direct imports will be dropped entirely in Airflow 2.0.
  warnings.warn(
[2021-01-31 22:01:17,643] {scheduler_job.py:1584} INFO - DAG(s) dict_keys(['covid_warehouse_dag']) retrieved from /Users/hiroakioshima/Desktop/airflow_covid/airflow/dags/covid_dag.py
[2021-01-31 22:01:17,668] {scheduler_job.py:162} INFO - Processing /Users/hiroakioshima/Desktop/airflow_covid/airflow/dags/covid_dag.py took 0.088 seconds
[2021-01-31 22:02:34,616] {scheduler_job.py:154} INFO - Started process (PID=31015) to work on /Users/hiroakioshima/Desktop/airflow_covid/airflow/dags/covid_dag.py
[2021-01-31 22:02:34,667] {logging_mixin.py:112} INFO - [2021-01-31 22:02:34,666] {__init__.py:50} INFO - Using executor SequentialExecutor
[2021-01-31 22:02:34,668] {scheduler_job.py:1572} INFO - Processing file /Users/hiroakioshima/Desktop/airflow_covid/airflow/dags/covid_dag.py for tasks to queue
[2021-01-31 22:02:34,668] {logging_mixin.py:112} INFO - [2021-01-31 22:02:34,668] {dagbag.py:417} INFO - Filling up the DagBag from /Users/hiroakioshima/Desktop/airflow_covid/airflow/dags/covid_dag.py
[2021-01-31 22:02:34,678] {logging_mixin.py:112} WARNING - /Users/hiroakioshima/opt/anaconda3/envs/covid_airflow/lib/python3.8/site-packages/airflow/utils/helpers.py:436: DeprecationWarning: Importing 'PythonOperator' directly from 'airflow.operators' has been deprecated. Please import from 'airflow.operators.[operator_module]' instead. Support for direct imports will be dropped entirely in Airflow 2.0.
  warnings.warn(
[2021-01-31 22:02:34,688] {scheduler_job.py:1584} INFO - DAG(s) dict_keys(['covid_warehouse_dag']) retrieved from /Users/hiroakioshima/Desktop/airflow_covid/airflow/dags/covid_dag.py
[2021-01-31 22:02:34,718] {scheduler_job.py:162} INFO - Processing /Users/hiroakioshima/Desktop/airflow_covid/airflow/dags/covid_dag.py took 0.103 seconds
[2021-01-31 22:04:02,400] {scheduler_job.py:154} INFO - Started process (PID=31082) to work on /Users/hiroakioshima/Desktop/airflow_covid/airflow/dags/covid_dag.py
[2021-01-31 22:04:02,451] {logging_mixin.py:112} INFO - [2021-01-31 22:04:02,450] {__init__.py:50} INFO - Using executor SequentialExecutor
[2021-01-31 22:04:02,452] {scheduler_job.py:1572} INFO - Processing file /Users/hiroakioshima/Desktop/airflow_covid/airflow/dags/covid_dag.py for tasks to queue
[2021-01-31 22:04:02,453] {logging_mixin.py:112} INFO - [2021-01-31 22:04:02,452] {dagbag.py:417} INFO - Filling up the DagBag from /Users/hiroakioshima/Desktop/airflow_covid/airflow/dags/covid_dag.py
[2021-01-31 22:04:02,463] {logging_mixin.py:112} WARNING - /Users/hiroakioshima/opt/anaconda3/envs/covid_airflow/lib/python3.8/site-packages/airflow/utils/helpers.py:436: DeprecationWarning: Importing 'PythonOperator' directly from 'airflow.operators' has been deprecated. Please import from 'airflow.operators.[operator_module]' instead. Support for direct imports will be dropped entirely in Airflow 2.0.
  warnings.warn(
[2021-01-31 22:04:02,474] {scheduler_job.py:1584} INFO - DAG(s) dict_keys(['covid_warehouse_dag']) retrieved from /Users/hiroakioshima/Desktop/airflow_covid/airflow/dags/covid_dag.py
[2021-01-31 22:04:02,501] {scheduler_job.py:162} INFO - Processing /Users/hiroakioshima/Desktop/airflow_covid/airflow/dags/covid_dag.py took 0.101 seconds
[2021-01-31 22:05:30,684] {scheduler_job.py:154} INFO - Started process (PID=31149) to work on /Users/hiroakioshima/Desktop/airflow_covid/airflow/dags/covid_dag.py
[2021-01-31 22:05:30,735] {logging_mixin.py:112} INFO - [2021-01-31 22:05:30,734] {__init__.py:50} INFO - Using executor SequentialExecutor
[2021-01-31 22:05:30,736] {scheduler_job.py:1572} INFO - Processing file /Users/hiroakioshima/Desktop/airflow_covid/airflow/dags/covid_dag.py for tasks to queue
[2021-01-31 22:05:30,736] {logging_mixin.py:112} INFO - [2021-01-31 22:05:30,736] {dagbag.py:417} INFO - Filling up the DagBag from /Users/hiroakioshima/Desktop/airflow_covid/airflow/dags/covid_dag.py
[2021-01-31 22:05:30,744] {logging_mixin.py:112} WARNING - /Users/hiroakioshima/opt/anaconda3/envs/covid_airflow/lib/python3.8/site-packages/airflow/utils/helpers.py:436: DeprecationWarning: Importing 'PythonOperator' directly from 'airflow.operators' has been deprecated. Please import from 'airflow.operators.[operator_module]' instead. Support for direct imports will be dropped entirely in Airflow 2.0.
  warnings.warn(
[2021-01-31 22:05:30,761] {scheduler_job.py:1584} INFO - DAG(s) dict_keys(['covid_warehouse_dag']) retrieved from /Users/hiroakioshima/Desktop/airflow_covid/airflow/dags/covid_dag.py
[2021-01-31 22:05:30,793] {scheduler_job.py:162} INFO - Processing /Users/hiroakioshima/Desktop/airflow_covid/airflow/dags/covid_dag.py took 0.109 seconds
[2021-01-31 22:06:58,960] {scheduler_job.py:154} INFO - Started process (PID=31213) to work on /Users/hiroakioshima/Desktop/airflow_covid/airflow/dags/covid_dag.py
[2021-01-31 22:06:59,012] {logging_mixin.py:112} INFO - [2021-01-31 22:06:59,011] {__init__.py:50} INFO - Using executor SequentialExecutor
[2021-01-31 22:06:59,013] {scheduler_job.py:1572} INFO - Processing file /Users/hiroakioshima/Desktop/airflow_covid/airflow/dags/covid_dag.py for tasks to queue
[2021-01-31 22:06:59,014] {logging_mixin.py:112} INFO - [2021-01-31 22:06:59,014] {dagbag.py:417} INFO - Filling up the DagBag from /Users/hiroakioshima/Desktop/airflow_covid/airflow/dags/covid_dag.py
[2021-01-31 22:06:59,022] {logging_mixin.py:112} WARNING - /Users/hiroakioshima/opt/anaconda3/envs/covid_airflow/lib/python3.8/site-packages/airflow/utils/helpers.py:436: DeprecationWarning: Importing 'PythonOperator' directly from 'airflow.operators' has been deprecated. Please import from 'airflow.operators.[operator_module]' instead. Support for direct imports will be dropped entirely in Airflow 2.0.
  warnings.warn(
[2021-01-31 22:06:59,034] {scheduler_job.py:1584} INFO - DAG(s) dict_keys(['covid_warehouse_dag']) retrieved from /Users/hiroakioshima/Desktop/airflow_covid/airflow/dags/covid_dag.py
[2021-01-31 22:06:59,059] {scheduler_job.py:162} INFO - Processing /Users/hiroakioshima/Desktop/airflow_covid/airflow/dags/covid_dag.py took 0.099 seconds
[2021-01-31 22:08:18,345] {scheduler_job.py:154} INFO - Started process (PID=31278) to work on /Users/hiroakioshima/Desktop/airflow_covid/airflow/dags/covid_dag.py
[2021-01-31 22:08:18,385] {logging_mixin.py:112} INFO - [2021-01-31 22:08:18,384] {__init__.py:50} INFO - Using executor SequentialExecutor
[2021-01-31 22:08:18,386] {scheduler_job.py:1572} INFO - Processing file /Users/hiroakioshima/Desktop/airflow_covid/airflow/dags/covid_dag.py for tasks to queue
[2021-01-31 22:08:18,386] {logging_mixin.py:112} INFO - [2021-01-31 22:08:18,386] {dagbag.py:417} INFO - Filling up the DagBag from /Users/hiroakioshima/Desktop/airflow_covid/airflow/dags/covid_dag.py
[2021-01-31 22:08:18,396] {logging_mixin.py:112} WARNING - /Users/hiroakioshima/opt/anaconda3/envs/covid_airflow/lib/python3.8/site-packages/airflow/utils/helpers.py:436: DeprecationWarning: Importing 'PythonOperator' directly from 'airflow.operators' has been deprecated. Please import from 'airflow.operators.[operator_module]' instead. Support for direct imports will be dropped entirely in Airflow 2.0.
  warnings.warn(
[2021-01-31 22:08:18,407] {scheduler_job.py:1584} INFO - DAG(s) dict_keys(['covid_warehouse_dag']) retrieved from /Users/hiroakioshima/Desktop/airflow_covid/airflow/dags/covid_dag.py
[2021-01-31 22:08:18,429] {scheduler_job.py:162} INFO - Processing /Users/hiroakioshima/Desktop/airflow_covid/airflow/dags/covid_dag.py took 0.084 seconds
[2021-02-01 00:26:59,602] {scheduler_job.py:154} INFO - Started process (PID=31363) to work on /Users/hiroakioshima/Desktop/airflow_covid/airflow/dags/covid_dag.py
[2021-02-01 00:26:59,641] {logging_mixin.py:112} INFO - [2021-02-01 00:26:59,641] {__init__.py:50} INFO - Using executor SequentialExecutor
[2021-02-01 00:26:59,643] {scheduler_job.py:1572} INFO - Processing file /Users/hiroakioshima/Desktop/airflow_covid/airflow/dags/covid_dag.py for tasks to queue
[2021-02-01 00:26:59,643] {logging_mixin.py:112} INFO - [2021-02-01 00:26:59,643] {dagbag.py:417} INFO - Filling up the DagBag from /Users/hiroakioshima/Desktop/airflow_covid/airflow/dags/covid_dag.py
[2021-02-01 00:26:59,648] {logging_mixin.py:112} WARNING - /Users/hiroakioshima/opt/anaconda3/envs/covid_airflow/lib/python3.8/site-packages/airflow/utils/helpers.py:436: DeprecationWarning: Importing 'PythonOperator' directly from 'airflow.operators' has been deprecated. Please import from 'airflow.operators.[operator_module]' instead. Support for direct imports will be dropped entirely in Airflow 2.0.
  warnings.warn(
[2021-02-01 00:26:59,659] {scheduler_job.py:1584} INFO - DAG(s) dict_keys(['covid_warehouse_dag']) retrieved from /Users/hiroakioshima/Desktop/airflow_covid/airflow/dags/covid_dag.py
[2021-02-01 00:26:59,683] {scheduler_job.py:162} INFO - Processing /Users/hiroakioshima/Desktop/airflow_covid/airflow/dags/covid_dag.py took 0.081 seconds
[2021-02-01 01:00:17,690] {scheduler_job.py:154} INFO - Started process (PID=31453) to work on /Users/hiroakioshima/Desktop/airflow_covid/airflow/dags/covid_dag.py
[2021-02-01 01:00:17,730] {logging_mixin.py:112} INFO - [2021-02-01 01:00:17,730] {__init__.py:50} INFO - Using executor SequentialExecutor
[2021-02-01 01:00:17,731] {scheduler_job.py:1572} INFO - Processing file /Users/hiroakioshima/Desktop/airflow_covid/airflow/dags/covid_dag.py for tasks to queue
[2021-02-01 01:00:17,732] {logging_mixin.py:112} INFO - [2021-02-01 01:00:17,731] {dagbag.py:417} INFO - Filling up the DagBag from /Users/hiroakioshima/Desktop/airflow_covid/airflow/dags/covid_dag.py
[2021-02-01 01:00:17,736] {logging_mixin.py:112} WARNING - /Users/hiroakioshima/opt/anaconda3/envs/covid_airflow/lib/python3.8/site-packages/airflow/utils/helpers.py:436: DeprecationWarning: Importing 'PythonOperator' directly from 'airflow.operators' has been deprecated. Please import from 'airflow.operators.[operator_module]' instead. Support for direct imports will be dropped entirely in Airflow 2.0.
  warnings.warn(
[2021-02-01 01:00:17,746] {scheduler_job.py:1584} INFO - DAG(s) dict_keys(['covid_warehouse_dag']) retrieved from /Users/hiroakioshima/Desktop/airflow_covid/airflow/dags/covid_dag.py
[2021-02-01 01:00:17,769] {scheduler_job.py:162} INFO - Processing /Users/hiroakioshima/Desktop/airflow_covid/airflow/dags/covid_dag.py took 0.079 seconds
[2021-02-01 02:17:58,234] {scheduler_job.py:154} INFO - Started process (PID=31559) to work on /Users/hiroakioshima/Desktop/airflow_covid/airflow/dags/covid_dag.py
[2021-02-01 02:17:58,294] {logging_mixin.py:112} INFO - [2021-02-01 02:17:58,294] {__init__.py:50} INFO - Using executor SequentialExecutor
[2021-02-01 02:17:58,298] {scheduler_job.py:1572} INFO - Processing file /Users/hiroakioshima/Desktop/airflow_covid/airflow/dags/covid_dag.py for tasks to queue
[2021-02-01 02:17:58,299] {logging_mixin.py:112} INFO - [2021-02-01 02:17:58,299] {dagbag.py:417} INFO - Filling up the DagBag from /Users/hiroakioshima/Desktop/airflow_covid/airflow/dags/covid_dag.py
[2021-02-01 02:17:58,313] {logging_mixin.py:112} WARNING - /Users/hiroakioshima/opt/anaconda3/envs/covid_airflow/lib/python3.8/site-packages/airflow/utils/helpers.py:436: DeprecationWarning: Importing 'PythonOperator' directly from 'airflow.operators' has been deprecated. Please import from 'airflow.operators.[operator_module]' instead. Support for direct imports will be dropped entirely in Airflow 2.0.
  warnings.warn(
[2021-02-01 02:17:58,330] {scheduler_job.py:1584} INFO - DAG(s) dict_keys(['covid_warehouse_dag']) retrieved from /Users/hiroakioshima/Desktop/airflow_covid/airflow/dags/covid_dag.py
[2021-02-01 02:17:58,357] {scheduler_job.py:162} INFO - Processing /Users/hiroakioshima/Desktop/airflow_covid/airflow/dags/covid_dag.py took 0.123 seconds
[2021-02-01 04:06:25,125] {scheduler_job.py:154} INFO - Started process (PID=31658) to work on /Users/hiroakioshima/Desktop/airflow_covid/airflow/dags/covid_dag.py
[2021-02-01 04:06:25,163] {logging_mixin.py:112} INFO - [2021-02-01 04:06:25,163] {__init__.py:50} INFO - Using executor SequentialExecutor
[2021-02-01 04:06:25,164] {scheduler_job.py:1572} INFO - Processing file /Users/hiroakioshima/Desktop/airflow_covid/airflow/dags/covid_dag.py for tasks to queue
[2021-02-01 04:06:25,165] {logging_mixin.py:112} INFO - [2021-02-01 04:06:25,165] {dagbag.py:417} INFO - Filling up the DagBag from /Users/hiroakioshima/Desktop/airflow_covid/airflow/dags/covid_dag.py
[2021-02-01 04:06:25,169] {logging_mixin.py:112} WARNING - /Users/hiroakioshima/opt/anaconda3/envs/covid_airflow/lib/python3.8/site-packages/airflow/utils/helpers.py:436: DeprecationWarning: Importing 'PythonOperator' directly from 'airflow.operators' has been deprecated. Please import from 'airflow.operators.[operator_module]' instead. Support for direct imports will be dropped entirely in Airflow 2.0.
  warnings.warn(
[2021-02-01 04:06:25,179] {scheduler_job.py:1584} INFO - DAG(s) dict_keys(['covid_warehouse_dag']) retrieved from /Users/hiroakioshima/Desktop/airflow_covid/airflow/dags/covid_dag.py
[2021-02-01 04:06:25,202] {scheduler_job.py:162} INFO - Processing /Users/hiroakioshima/Desktop/airflow_covid/airflow/dags/covid_dag.py took 0.077 seconds
[2021-02-01 07:42:09,576] {scheduler_job.py:154} INFO - Started process (PID=31749) to work on /Users/hiroakioshima/Desktop/airflow_covid/airflow/dags/covid_dag.py
[2021-02-01 07:42:09,617] {logging_mixin.py:112} INFO - [2021-02-01 07:42:09,616] {__init__.py:50} INFO - Using executor SequentialExecutor
[2021-02-01 07:42:09,618] {scheduler_job.py:1572} INFO - Processing file /Users/hiroakioshima/Desktop/airflow_covid/airflow/dags/covid_dag.py for tasks to queue
[2021-02-01 07:42:09,619] {logging_mixin.py:112} INFO - [2021-02-01 07:42:09,619] {dagbag.py:417} INFO - Filling up the DagBag from /Users/hiroakioshima/Desktop/airflow_covid/airflow/dags/covid_dag.py
[2021-02-01 07:42:09,623] {logging_mixin.py:112} WARNING - /Users/hiroakioshima/opt/anaconda3/envs/covid_airflow/lib/python3.8/site-packages/airflow/utils/helpers.py:436: DeprecationWarning: Importing 'PythonOperator' directly from 'airflow.operators' has been deprecated. Please import from 'airflow.operators.[operator_module]' instead. Support for direct imports will be dropped entirely in Airflow 2.0.
  warnings.warn(
[2021-02-01 07:42:09,632] {scheduler_job.py:1584} INFO - DAG(s) dict_keys(['covid_warehouse_dag']) retrieved from /Users/hiroakioshima/Desktop/airflow_covid/airflow/dags/covid_dag.py
[2021-02-01 07:42:09,655] {scheduler_job.py:162} INFO - Processing /Users/hiroakioshima/Desktop/airflow_covid/airflow/dags/covid_dag.py took 0.079 seconds
[2021-02-01 10:06:15,226] {scheduler_job.py:154} INFO - Started process (PID=31849) to work on /Users/hiroakioshima/Desktop/airflow_covid/airflow/dags/covid_dag.py
[2021-02-01 10:06:15,266] {logging_mixin.py:112} INFO - [2021-02-01 10:06:15,266] {__init__.py:50} INFO - Using executor SequentialExecutor
[2021-02-01 10:06:15,268] {scheduler_job.py:1572} INFO - Processing file /Users/hiroakioshima/Desktop/airflow_covid/airflow/dags/covid_dag.py for tasks to queue
[2021-02-01 10:06:15,268] {logging_mixin.py:112} INFO - [2021-02-01 10:06:15,268] {dagbag.py:417} INFO - Filling up the DagBag from /Users/hiroakioshima/Desktop/airflow_covid/airflow/dags/covid_dag.py
[2021-02-01 10:06:15,273] {logging_mixin.py:112} WARNING - /Users/hiroakioshima/opt/anaconda3/envs/covid_airflow/lib/python3.8/site-packages/airflow/utils/helpers.py:436: DeprecationWarning: Importing 'PythonOperator' directly from 'airflow.operators' has been deprecated. Please import from 'airflow.operators.[operator_module]' instead. Support for direct imports will be dropped entirely in Airflow 2.0.
  warnings.warn(
[2021-02-01 10:06:15,282] {scheduler_job.py:1584} INFO - DAG(s) dict_keys(['covid_warehouse_dag']) retrieved from /Users/hiroakioshima/Desktop/airflow_covid/airflow/dags/covid_dag.py
[2021-02-01 10:06:15,305] {scheduler_job.py:162} INFO - Processing /Users/hiroakioshima/Desktop/airflow_covid/airflow/dags/covid_dag.py took 0.079 seconds
[2021-02-01 13:10:00,098] {scheduler_job.py:154} INFO - Started process (PID=31948) to work on /Users/hiroakioshima/Desktop/airflow_covid/airflow/dags/covid_dag.py
[2021-02-01 13:10:00,136] {logging_mixin.py:112} INFO - [2021-02-01 13:10:00,136] {__init__.py:50} INFO - Using executor SequentialExecutor
[2021-02-01 13:10:00,138] {scheduler_job.py:1572} INFO - Processing file /Users/hiroakioshima/Desktop/airflow_covid/airflow/dags/covid_dag.py for tasks to queue
[2021-02-01 13:10:00,138] {logging_mixin.py:112} INFO - [2021-02-01 13:10:00,138] {dagbag.py:417} INFO - Filling up the DagBag from /Users/hiroakioshima/Desktop/airflow_covid/airflow/dags/covid_dag.py
[2021-02-01 13:10:00,143] {logging_mixin.py:112} WARNING - /Users/hiroakioshima/opt/anaconda3/envs/covid_airflow/lib/python3.8/site-packages/airflow/utils/helpers.py:436: DeprecationWarning: Importing 'PythonOperator' directly from 'airflow.operators' has been deprecated. Please import from 'airflow.operators.[operator_module]' instead. Support for direct imports will be dropped entirely in Airflow 2.0.
  warnings.warn(
[2021-02-01 13:10:00,152] {scheduler_job.py:1584} INFO - DAG(s) dict_keys(['covid_warehouse_dag']) retrieved from /Users/hiroakioshima/Desktop/airflow_covid/airflow/dags/covid_dag.py
[2021-02-01 13:10:00,176] {scheduler_job.py:162} INFO - Processing /Users/hiroakioshima/Desktop/airflow_covid/airflow/dags/covid_dag.py took 0.079 seconds
[2021-02-01 14:50:29,628] {scheduler_job.py:154} INFO - Started process (PID=32035) to work on /Users/hiroakioshima/Desktop/airflow_covid/airflow/dags/covid_dag.py
[2021-02-01 14:50:29,667] {logging_mixin.py:112} INFO - [2021-02-01 14:50:29,667] {__init__.py:50} INFO - Using executor SequentialExecutor
[2021-02-01 14:50:29,669] {scheduler_job.py:1572} INFO - Processing file /Users/hiroakioshima/Desktop/airflow_covid/airflow/dags/covid_dag.py for tasks to queue
[2021-02-01 14:50:29,669] {logging_mixin.py:112} INFO - [2021-02-01 14:50:29,669] {dagbag.py:417} INFO - Filling up the DagBag from /Users/hiroakioshima/Desktop/airflow_covid/airflow/dags/covid_dag.py
[2021-02-01 14:50:29,690] {logging_mixin.py:112} WARNING - /Users/hiroakioshima/opt/anaconda3/envs/covid_airflow/lib/python3.8/site-packages/airflow/utils/helpers.py:436: DeprecationWarning: Importing 'PythonOperator' directly from 'airflow.operators' has been deprecated. Please import from 'airflow.operators.[operator_module]' instead. Support for direct imports will be dropped entirely in Airflow 2.0.
  warnings.warn(
[2021-02-01 14:50:29,700] {scheduler_job.py:1584} INFO - DAG(s) dict_keys(['covid_warehouse_dag']) retrieved from /Users/hiroakioshima/Desktop/airflow_covid/airflow/dags/covid_dag.py
[2021-02-01 14:50:29,723] {scheduler_job.py:162} INFO - Processing /Users/hiroakioshima/Desktop/airflow_covid/airflow/dags/covid_dag.py took 0.095 seconds
[2021-02-01 14:51:51,867] {scheduler_job.py:154} INFO - Started process (PID=32116) to work on /Users/hiroakioshima/Desktop/airflow_covid/airflow/dags/covid_dag.py
[2021-02-01 14:51:51,908] {logging_mixin.py:112} INFO - [2021-02-01 14:51:51,908] {__init__.py:50} INFO - Using executor SequentialExecutor
[2021-02-01 14:51:51,909] {scheduler_job.py:1572} INFO - Processing file /Users/hiroakioshima/Desktop/airflow_covid/airflow/dags/covid_dag.py for tasks to queue
[2021-02-01 14:51:51,910] {logging_mixin.py:112} INFO - [2021-02-01 14:51:51,910] {dagbag.py:417} INFO - Filling up the DagBag from /Users/hiroakioshima/Desktop/airflow_covid/airflow/dags/covid_dag.py
[2021-02-01 14:51:51,918] {logging_mixin.py:112} WARNING - /Users/hiroakioshima/opt/anaconda3/envs/covid_airflow/lib/python3.8/site-packages/airflow/utils/helpers.py:436: DeprecationWarning: Importing 'PythonOperator' directly from 'airflow.operators' has been deprecated. Please import from 'airflow.operators.[operator_module]' instead. Support for direct imports will be dropped entirely in Airflow 2.0.
  warnings.warn(
[2021-02-01 14:51:51,933] {scheduler_job.py:1584} INFO - DAG(s) dict_keys(['covid_warehouse_dag']) retrieved from /Users/hiroakioshima/Desktop/airflow_covid/airflow/dags/covid_dag.py
[2021-02-01 14:51:51,956] {scheduler_job.py:162} INFO - Processing /Users/hiroakioshima/Desktop/airflow_covid/airflow/dags/covid_dag.py took 0.089 seconds
